#
# A fatal error has been detected by the Java Runtime Environment:
#
#  EXCEPTION_ACCESS_VIOLATION (0xc0000005) at pc=0x00007ff997e01d7a, pid=23260, tid=3184
#
# JRE version: Java(TM) SE Runtime Environment (9.0+11) (build 9.0.4+11)
# Java VM: Java HotSpot(TM) 64-Bit Server VM (9.0.4+11, mixed mode, tiered, compressed oops, g1 gc, windows-amd64)
# Problematic frame:
# C  0x00007ff997e01d7a
#
# No core dump will be written. Minidumps are not enabled by default on client versions of Windows
#
# If you would like to submit a bug report, please visit:
#   http://bugreport.java.com/bugreport/crash.jsp
# The crash happened outside the Java Virtual Machine in native code.
# See problematic frame for where to report the bug.
#

---------------  S U M M A R Y ------------

Command Line: -Dsun.java2d.pmoffscreen=false -Dsun.java2d.xrender=false -Dsun.java2d.d3d=false -Dsun.awt.nopixfmt=true -Dsun.java2d.dpiaware=true -Dsun.java2d.uiScale.enabled=false -Xverify:none -Dswing.aatext=true -XX:-UsePerfData -Djdk.map.althashing.threshold=512 -XX:StringTableSize=4072 --add-opens=java.base/java.nio=ALL-UNNAMED --add-opens=java.desktop/sun.swing=ALL-UNNAMED --add-opens=java.desktop/javax.swing=ALL-UNNAMED --add-opens=java.desktop/javax.swing.tree=ALL-UNNAMED --add-opens=java.desktop/javax.swing.plaf.basic=ALL-UNNAMED --add-opens=java.desktop/javax.swing.plaf.synth=ALL-UNNAMED --add-opens=java.desktop/com.sun.awt=ALL-UNNAMED -XX:NewSize=60m -XX:MaxNewSize=60m -Xms128m -Xmx3072m -Xss5m 

Host: Intel(R) Core(TM) i7-10510U CPU @ 1.80GHz, 8 cores, 15G,  Windows 10 , 64 bit Build 22621 (10.0.22621.1778)
Time: Tue Jul 04 20:50:03 2023 ?D1¨²¡À¨º¡Á?¨º¡À?? elapsed time: 67 seconds (0d 0h 1m 7s)

---------------  T H R E A D  ---------------

Current thread (0x000001f2f09d7800):  JavaThread "AWT-EventQueue-0" [_thread_in_native, id=3184, stack(0x0000008f50800000,0x0000008f50d00000)]

Stack: [0x0000008f50800000,0x0000008f50d00000],  sp=0x0000008f50cf3f40,  free space=5071k
Native frames: (J=compiled Java code, j=interpreted, Vv=VM code, C=native code)
C  0x00007ff997e01d7a
C  0x00007ff997e01c9f
C  0x00007ff997e2d99a
C  0x00007ff997e2b6da
C  0x00007ff997e895fb
C  0x00007ff997e8b013
C  0x00007ff997e63e70
C  0x00007ff997e63eed
C  0x00007ff997e63f91
C  0x00007ff997e8a484
C  0x00007ff997e5a486
C  0x00007ff997e5a255
C  0x00007ff997e96a9f
C  0x000001f2cc1a921c

Java frames: (J=compiled Java code, j=interpreted, Vv=VM code)
j  ui.views.waveform.waveformi.WVExecutive_getGraphicsDataSize(J)J+0
j  ui.views.waveform.executive.a.jBs()Ljava/io/ByteArrayInputStream;+8
j  ui.views.waveform.b.a.jAN()V+7
j  ui.views.waveform.b.a.iKd()V+1
j  ui.views.waveform.m.jzY()V+4
j  ui.views.waveform.m.GF(Z)V+11
j  ui.views.waveform.w.aE(ZZ)V+30
j  ui.views.waveform.c.b.j(Lui/frmwork/b/i;)V+94
j  ui.views.waveform.w.a(Lui/frmwork/b/i;)V+13
J 14269 c1 ui.frmwork.b.l.d(Lui/frmwork/b/i;)V (61 bytes) @ 0x000001f2ce68071c [0x000001f2ce67fec0+0x000000000000085c]
J 14260 c1 ui.frmwork.G.i(JZ)V (471 bytes) @ 0x000001f2ce66b02c [0x000001f2ce666840+0x00000000000047ec]
J 14261 c1 ui.frmwork.G.fireTclEvent(J)I (113 bytes) @ 0x000001f2ce66fc4c [0x000001f2ce66f440+0x000000000000080c]
v  ~StubRoutines::call_stub
j  ui.views.waveform.waveformi.WVExecutive_processModelEvent(JJ)V+0
j  ui.views.waveform.executive.a.fu(J)V+5
j  ui.views.waveform.c.b.ft(J)V+8
j  ui.views.waveform.c.b.j(Lui/frmwork/b/i;)V+127
j  ui.views.waveform.w.a(Lui/frmwork/b/i;)V+13
J 14269 c1 ui.frmwork.b.l.d(Lui/frmwork/b/i;)V (61 bytes) @ 0x000001f2ce68071c [0x000001f2ce67fec0+0x000000000000085c]
J 14260 c1 ui.frmwork.G.i(JZ)V (471 bytes) @ 0x000001f2ce66b02c [0x000001f2ce666840+0x00000000000047ec]
J 14261 c1 ui.frmwork.G.fireTclEvent(J)I (113 bytes) @ 0x000001f2ce66fc4c [0x000001f2ce66f440+0x000000000000080c]
v  ~StubRoutines::call_stub
j  ui.views.waveform.waveformi.WVExecutive_processModelEvent(JJ)V+0
j  ui.views.waveform.executive.a.fu(J)V+5
j  ui.views.waveform.c.b.ft(J)V+8
j  ui.views.waveform.c.e.actionPerformed(Ljava/awt/event/ActionEvent;)V+8
J 13983 c1 javax.swing.Timer.fireActionPerformed(Ljava/awt/event/ActionEvent;)V java.desktop@9.0.4 (46 bytes) @ 0x000001f2cdacd344 [0x000001f2cdacd080+0x00000000000002c4]
J 13981 c1 javax.swing.Timer$DoPostEvent.run()V java.desktop@9.0.4 (82 bytes) @ 0x000001f2cd97c04c [0x000001f2cd97b800+0x000000000000084c]
J 14658 c2 java.awt.event.InvocationEvent.dispatch()V java.desktop@9.0.4 (69 bytes) @ 0x000001f2d47f2d1c [0x000001f2d47f2cc0+0x000000000000005c]
J 14639 c2 java.awt.EventQueue$3.run()Ljava/lang/Object; java.desktop@9.0.4 (5 bytes) @ 0x000001f2d47ca438 [0x000001f2d47ca360+0x00000000000000d8]
v  ~StubRoutines::call_stub
J 3925  java.security.AccessController.doPrivileged(Ljava/security/PrivilegedAction;Ljava/security/AccessControlContext;)Ljava/lang/Object; java.base@9.0.4 (0 bytes) @ 0x000001f2d3e9cb46 [0x000001f2d3e9cae0+0x0000000000000066]
J 14466 c2 java.awt.EventQueue.dispatchEvent(Ljava/awt/AWTEvent;)V java.desktop@9.0.4 (80 bytes) @ 0x000001f2d478ff98 [0x000001f2d478fa40+0x0000000000000558]
J 14467 c2 ui.frmwork.b.d.dispatchEvent(Ljava/awt/AWTEvent;)V (34 bytes) @ 0x000001f2d4790cbc [0x000001f2d4790be0+0x00000000000000dc]
J 14292 c1 java.awt.EventDispatchThread.pumpOneEventForFilters(I)V java.desktop@9.0.4 (218 bytes) @ 0x000001f2ce6a3f94 [0x000001f2ce6a2bc0+0x00000000000013d4]
j  java.awt.EventDispatchThread.pumpEventsForFilter(ILjava/awt/Conditional;Ljava/awt/EventFilter;)V+35 java.desktop@9.0.4
j  java.awt.EventDispatchThread.pumpEventsForFilter(Ljava/awt/Conditional;Ljava/awt/EventFilter;)V+4 java.desktop@9.0.4
j  java.awt.WaitDispatchSupport$2.run()V+59 java.desktop@9.0.4
j  java.awt.WaitDispatchSupport$4.run()Ljava/lang/Void;+4 java.desktop@9.0.4
j  java.awt.WaitDispatchSupport$4.run()Ljava/lang/Object;+1 java.desktop@9.0.4
v  ~StubRoutines::call_stub
J 998  java.security.AccessController.doPrivileged(Ljava/security/PrivilegedAction;)Ljava/lang/Object; java.base@9.0.4 (0 bytes) @ 0x000001f2d3cbb7b2 [0x000001f2d3cbb760+0x0000000000000052]
j  java.awt.WaitDispatchSupport.enter()Z+260 java.desktop@9.0.4
j  java.awt.Dialog.show()V+225 java.desktop@9.0.4
J 8627 c1 java.awt.Component.setVisible(Z)V java.desktop@9.0.4 (6 bytes) @ 0x000001f2cccb4bcc [0x000001f2cccb49e0+0x00000000000001ec]
j  java.awt.Window.setVisible(Z)V+2 java.desktop@9.0.4
j  java.awt.Dialog.setVisible(Z)V+2 java.desktop@9.0.4
j  ui.b.c.g.setVisible(Z)V+2
j  ui.b.c.bz.showDialog()V+64
j  ui.b.c.bI.actionPerformed(Ljava/awt/event/ActionEvent;)V+8
j  ui.b.c.bz.eWx()V+390
j  ui.views.c.t.b.a.run()V+60
j  ui.frmwork.a.gJb()Z+66
j  ui.frmwork.Y.gKQ()V+42
j  ui.bn.actionPerformed(Ljava/awt/event/ActionEvent;)V+25
j  javax.swing.AbstractButton.fireActionPerformed(Ljava/awt/event/ActionEvent;)V+84 java.desktop@9.0.4
j  ui.utils.swing.b.E.fireActionPerformed(Ljava/awt/event/ActionEvent;)V+7
j  javax.swing.AbstractButton$Handler.actionPerformed(Ljava/awt/event/ActionEvent;)V+5 java.desktop@9.0.4
j  javax.swing.DefaultButtonModel.fireActionPerformed(Ljava/awt/event/ActionEvent;)V+34 java.desktop@9.0.4
j  javax.swing.DefaultButtonModel.setPressed(Z)V+117 java.desktop@9.0.4
j  javax.swing.plaf.basic.BasicButtonListener.mouseReleased(Ljava/awt/event/MouseEvent;)V+35 java.desktop@9.0.4
j  com.jidesoft.plaf.basic.BasicJideButtonListener.mouseReleased(Ljava/awt/event/MouseEvent;)V+61
j  java.awt.AWTEventMulticaster.mouseReleased(Ljava/awt/event/MouseEvent;)V+8 java.desktop@9.0.4
j  java.awt.AWTEventMulticaster.mouseReleased(Ljava/awt/event/MouseEvent;)V+8 java.desktop@9.0.4
j  java.awt.AWTEventMulticaster.mouseReleased(Ljava/awt/event/MouseEvent;)V+8 java.desktop@9.0.4
j  java.awt.AWTEventMulticaster.mouseReleased(Ljava/awt/event/MouseEvent;)V+8 java.desktop@9.0.4
j  java.awt.Component.processMouseEvent(Ljava/awt/event/MouseEvent;)V+64 java.desktop@9.0.4
j  javax.swing.JComponent.processMouseEvent(Ljava/awt/event/MouseEvent;)V+23 java.desktop@9.0.4
J 14831 c2 java.awt.Container.processEvent(Ljava/awt/AWTEvent;)V java.desktop@9.0.4 (22 bytes) @ 0x000001f2d4835340 [0x000001f2d4835220+0x0000000000000120]
J 15897 c1 java.awt.Component.dispatchEventImpl(Ljava/awt/AWTEvent;)V java.desktop@9.0.4 (739 bytes) @ 0x000001f2ceb6ce0c [0x000001f2ceb691a0+0x0000000000003c6c]
J 16563 c2 java.awt.Container.dispatchEventImpl(Ljava/awt/AWTEvent;)V java.desktop@9.0.4 (129 bytes) @ 0x000001f2d4a7a578 [0x000001f2d4a7a520+0x0000000000000058]
J 14170 c1 java.awt.LightweightDispatcher.retargetMouseEvent(Ljava/awt/Component;ILjava/awt/event/MouseEvent;)V java.desktop@9.0.4 (350 bytes) @ 0x000001f2ce63b2f4 [0x000001f2ce638e40+0x00000000000024b4]
J 16387 c1 java.awt.LightweightDispatcher.processMouseEvent(Ljava/awt/event/MouseEvent;)Z java.desktop@9.0.4 (265 bytes) @ 0x000001f2ced3d4b4 [0x000001f2ced3c540+0x0000000000000f74]
J 16563 c2 java.awt.Container.dispatchEventImpl(Ljava/awt/AWTEvent;)V java.desktop@9.0.4 (129 bytes) @ 0x000001f2d4a7a90c [0x000001f2d4a7a520+0x00000000000003ec]
J 16269 c1 java.awt.Window.dispatchEventImpl(Ljava/awt/AWTEvent;)V java.desktop@9.0.4 (23 bytes) @ 0x000001f2cec779f4 [0x000001f2cec77420+0x00000000000005d4]
J 14639 c2 java.awt.EventQueue$3.run()Ljava/lang/Object; java.desktop@9.0.4 (5 bytes) @ 0x000001f2d47ca4b4 [0x000001f2d47ca360+0x0000000000000154]
v  ~StubRoutines::call_stub
J 3925  java.security.AccessController.doPrivileged(Ljava/security/PrivilegedAction;Ljava/security/AccessControlContext;)Ljava/lang/Object; java.base@9.0.4 (0 bytes) @ 0x000001f2d3e9cb46 [0x000001f2d3e9cae0+0x0000000000000066]
J 9450 c1 java.awt.EventQueue$4.run()Ljava/lang/Object; java.desktop@9.0.4 (5 bytes) @ 0x000001f2cdd24754 [0x000001f2cdd24360+0x00000000000003f4]
v  ~StubRoutines::call_stub
J 3925  java.security.AccessController.doPrivileged(Ljava/security/PrivilegedAction;Ljava/security/AccessControlContext;)Ljava/lang/Object; java.base@9.0.4 (0 bytes) @ 0x000001f2d3e9cb46 [0x000001f2d3e9cae0+0x0000000000000066]
J 14466 c2 java.awt.EventQueue.dispatchEvent(Ljava/awt/AWTEvent;)V java.desktop@9.0.4 (80 bytes) @ 0x000001f2d478fdc0 [0x000001f2d478fa40+0x0000000000000380]
J 14467 c2 ui.frmwork.b.d.dispatchEvent(Ljava/awt/AWTEvent;)V (34 bytes) @ 0x000001f2d4790cbc [0x000001f2d4790be0+0x00000000000000dc]
J 14292 c1 java.awt.EventDispatchThread.pumpOneEventForFilters(I)V java.desktop@9.0.4 (218 bytes) @ 0x000001f2ce6a3f94 [0x000001f2ce6a2bc0+0x00000000000013d4]
j  java.awt.EventDispatchThread.pumpEventsForFilter(ILjava/awt/Conditional;Ljava/awt/EventFilter;)V+35 java.desktop@9.0.4
j  java.awt.EventDispatchThread.pumpEventsForHierarchy(ILjava/awt/Conditional;Ljava/awt/Component;)V+11 java.desktop@9.0.4
j  java.awt.EventDispatchThread.pumpEvents(ILjava/awt/Conditional;)V+4 java.desktop@9.0.4
j  java.awt.EventDispatchThread.pumpEvents(Ljava/awt/Conditional;)V+3 java.desktop@9.0.4
j  java.awt.EventDispatchThread.run()V+9 java.desktop@9.0.4
v  ~StubRoutines::call_stub

siginfo: EXCEPTION_ACCESS_VIOLATION (0xc0000005), reading address 0x0000000000047440


Register to memory mapping:

RIP=0x00007ff997e01d7a is an unknown value
RAX=0x000001f2f130acc8 is an unknown value
RBX=0x000001f28d3401d0 is an unknown value
RCX=0x000001f2f130acc8 is an unknown value
RDX=0x000001f28d3401d0 is an unknown value
RSP=0x0000008f50cf3f40 is pointing into the stack for thread: 0x000001f2f09d7800
RBP=0x000000000006c4cf is an unknown value
RSI=0x000001f28d44c260 is an unknown value
RDI=0x0000008f50cf40d0 is pointing into the stack for thread: 0x000001f2f09d7800
R8 =0x000000000006c4cf is an unknown value
R9 =0x0000000000432055 is an unknown value
R10=0x00000000000473f0 is an unknown value
R11=0x0000008f50cf3f50 is pointing into the stack for thread: 0x000001f2f09d7800
R12=0x000001f28d3401d0 is an unknown value
R13=0x0000000000000000 is an unknown value
R14=0x000000000006c4cf is an unknown value
R15=0x0000008f50cf4120 is pointing into the stack for thread: 0x000001f2f09d7800


Registers:
RAX=0x000001f2f130acc8, RBX=0x000001f28d3401d0, RCX=0x000001f2f130acc8, RDX=0x000001f28d3401d0
RSP=0x0000008f50cf3f40, RBP=0x000000000006c4cf, RSI=0x000001f28d44c260, RDI=0x0000008f50cf40d0
R8 =0x000000000006c4cf, R9 =0x0000000000432055, R10=0x00000000000473f0, R11=0x0000008f50cf3f50
R12=0x000001f28d3401d0, R13=0x0000000000000000, R14=0x000000000006c4cf, R15=0x0000008f50cf4120
RIP=0x00007ff997e01d7a, EFLAGS=0x0000000000010202

Top of Stack: (sp=0x0000008f50cf3f40)
0x0000008f50cf3f40:   0000000000000000 000000000006c4cf
0x0000008f50cf3f50:   000001f28d44c260 000000000006c4cf
0x0000008f50cf3f60:   0000000000002bd5 0000008f50cf4120
0x0000008f50cf3f70:   0000008f50cf40d0 00007ff997e016db
0x0000008f50cf3f80:   fffffffffffffffe 00007ff997e00ea7
0x0000008f50cf3f90:   0000008f50cf40d0 00007ffa45951ae7
0x0000008f50cf3fa0:   0000000000000000 000001f28c88ccf0
0x0000008f50cf3fb0:   000001f28c7f7e98 00007ff997e01c9f
0x0000008f50cf3fc0:   000001f2ed6b1a80 0000000000432055
0x0000008f50cf3fd0:   0000008f50cf40d0 0000000000000000
0x0000008f50cf3fe0:   0000000000432055 0000000000002bd5
0x0000008f50cf3ff0:   0000008f50cf4120 00007ffa45951901
0x0000008f50cf4000:   0000008f50cf40d0 0000008f50cf4180
0x0000008f50cf4010:   000001f28c88ccf0 fffffffffffffffe
0x0000008f50cf4020:   0000008f50cf4182 0000000000000000
0x0000008f50cf4030:   000001f2807ee650 0000f9dadf848dd0 

Instructions: (pc=0x00007ff997e01d7a)
0x00007ff997e01d5a:   24 28 48 8b 8c 24 a8 00 00 00 48 89 4c 24 20 4c
0x00007ff997e01d6a:   8b 8c 24 a0 00 00 00 4c 8b c5 48 8b d3 48 8b c8
0x00007ff997e01d7a:   41 ff 52 50 48 8b 06 48 8b ce ff 50 50 48 8b f0
0x00007ff997e01d8a:   33 db 38 9c 24 b8 00 00 00 74 42 8b d3 4c 8b 4f 



---------------  P R O C E S S  ---------------

Java Threads: ( => current thread )
  0x000001f284c5f800 JavaThread "Relaunch Simulation Thread" [_thread_blocked, id=21288, stack(0x0000008f55d00000,0x0000008f56200000)]
  0x000001f284c63000 JavaThread "Swing-Shell" daemon [_thread_blocked, id=23928, stack(0x0000008f55600000,0x0000008f55b00000)]
  0x000001f284c62800 JavaThread "SyntheticaAnimation 50" daemon [_thread_blocked, id=13508, stack(0x0000008f53300000,0x0000008f53800000)]
  0x000001f284c67800 JavaThread "Image Fetcher 1" daemon [_thread_blocked, id=20148, stack(0x0000008f54c00000,0x0000008f55100000)]
  0x000001f284c61000 JavaThread "Image Fetcher 0" daemon [_thread_blocked, id=23804, stack(0x0000008f54700000,0x0000008f54c00000)]
  0x000001f284c65800 JavaThread "Update Runs Swing Worker Thread" [_thread_blocked, id=5800, stack(0x0000008f55100000,0x0000008f55600000)]
  0x000001f284c64000 JavaThread "hw_ila_monitor" [_thread_blocked, id=26580, stack(0x0000008f54200000,0x0000008f54700000)]
  0x000001f284c66000 JavaThread "Refresh Filesets Swing Worker Thread" [_thread_blocked, id=8928, stack(0x0000008f53800000,0x0000008f53d00000)]
  0x000001f2fef1b000 JavaThread "SyntheticaAnimation 70" daemon [_thread_blocked, id=28036, stack(0x0000008f53d00000,0x0000008f54200000)]
  0x000001f2fef1e800 JavaThread "SyntheticaAnimation 25" daemon [_thread_blocked, id=20644, stack(0x0000008f52e00000,0x0000008f53300000)]
  0x000001f2fef1e000 JavaThread "SyntheticaAnimation 50" daemon [_thread_blocked, id=2684, stack(0x0000008f52900000,0x0000008f52e00000)]
  0x000001f2fef1f800 JavaThread "Monitor HEventQueue Thread" [_thread_blocked, id=27884, stack(0x0000008f52400000,0x0000008f52900000)]
  0x000001f2fef1d000 JavaThread "SyntheticaCleanerThread" daemon [_thread_blocked, id=15684, stack(0x0000008f51c00000,0x0000008f52100000)]
  0x000001f2fef1c800 JavaThread "Batik CleanerThread" daemon [_thread_blocked, id=2148, stack(0x0000008f50d00000,0x0000008f51200000)]
  0x000001f280994800 JavaThread "Process Messages Thread" [_thread_blocked, id=28256, stack(0x0000008f51200000,0x0000008f51700000)]
  0x000001f2f09d2800 JavaThread "Thread-1" [_thread_in_native, id=13612, stack(0x0000008f49b00000,0x0000008f4af00000)]
=>0x000001f2f09d7800 JavaThread "AWT-EventQueue-0" [_thread_in_native, id=3184, stack(0x0000008f50800000,0x0000008f50d00000)]
  0x000001f2f069c000 JavaThread "TimerQueue" daemon [_thread_blocked, id=26348, stack(0x0000008f4fe00000,0x0000008f50300000)]
  0x000001f2805f0000 JavaThread "AWT-Windows" daemon [_thread_in_native, id=27780, stack(0x0000008f4f900000,0x0000008f4fe00000)]
  0x000001f280920800 JavaThread "AWT-Shutdown" [_thread_blocked, id=27804, stack(0x0000008f4f400000,0x0000008f4f900000)]
  0x000001f280920000 JavaThread "Java2D Disposer" daemon [_thread_blocked, id=12112, stack(0x0000008f4ef00000,0x0000008f4f400000)]
  0x000001f2dfa22800 JavaThread "Service Thread" daemon [_thread_blocked, id=27232, stack(0x0000008f4e900000,0x0000008f4ee00000)]
  0x000001f2fef39800 JavaThread "Common-Cleaner" daemon [_thread_blocked, id=6308, stack(0x0000008f4e400000,0x0000008f4e900000)]
  0x000001f2fef20000 JavaThread "Sweeper thread" daemon [_thread_blocked, id=26564, stack(0x0000008f4df00000,0x0000008f4e400000)]
  0x000001f2fef15800 JavaThread "C1 CompilerThread3" daemon [_thread_blocked, id=28504, stack(0x0000008f4de00000,0x0000008f4df00000)]
  0x000001f2feb4b800 JavaThread "C2 CompilerThread2" daemon [_thread_blocked, id=25020, stack(0x0000008f4dd00000,0x0000008f4de00000)]
  0x000001f2feb4a000 JavaThread "C2 CompilerThread1" daemon [_thread_blocked, id=17704, stack(0x0000008f4dc00000,0x0000008f4dd00000)]
  0x000001f2fc119800 JavaThread "C2 CompilerThread0" daemon [_thread_blocked, id=6500, stack(0x0000008f4db00000,0x0000008f4dc00000)]
  0x000001f2ff029800 JavaThread "Attach Listener" daemon [_thread_blocked, id=6548, stack(0x0000008f4d600000,0x0000008f4db00000)]
  0x000001f2ff029000 JavaThread "Signal Dispatcher" daemon [_thread_blocked, id=28564, stack(0x0000008f4d100000,0x0000008f4d600000)]
  0x000001f2ff024000 JavaThread "Finalizer" daemon [_thread_blocked, id=6036, stack(0x0000008f4cc00000,0x0000008f4d100000)]
  0x000001f2ff022800 JavaThread "Reference Handler" daemon [_thread_blocked, id=10648, stack(0x0000008f4c700000,0x0000008f4cc00000)]
  0x000001f2c3031800 JavaThread "main" [_thread_blocked, id=28348, stack(0x0000008f49a00000,0x0000008f49b00000)]

Other Threads:
  0x000001f2ff00b800 VMThread "VM Thread" [stack: 0x0000008f4c600000,0x0000008f4c700000] [id=27608]
  0x000001f2fbafb800 WatcherThread [stack: 0x0000008f4ee00000,0x0000008f4ef00000] [id=10108]
  0x000001f2fbaf5000 GCTaskThread "GC Thread#0" [stack: 0x0000008f4b200000,0x0000008f4b300000] [id=16168]
  0x000001f2fbaf0000 GCTaskThread "GC Thread#1" [stack: 0x0000008f4b300000,0x0000008f4b400000] [id=3644]
  0x000001f2fbaf2000 GCTaskThread "GC Thread#2" [stack: 0x0000008f4b400000,0x0000008f4b500000] [id=27448]
  0x000001f2fbaf4800 GCTaskThread "GC Thread#3" [stack: 0x0000008f4b500000,0x0000008f4b600000] [id=28508]
  0x000001f2fbaf6000 GCTaskThread "GC Thread#4" [stack: 0x0000008f4b600000,0x0000008f4b700000] [id=12764]
  0x000001f2fbaf6800 GCTaskThread "GC Thread#5" [stack: 0x0000008f4b700000,0x0000008f4b800000] [id=26504]
  0x000001f2fbaef800 GCTaskThread "GC Thread#6" [stack: 0x0000008f4b800000,0x0000008f4b900000] [id=1672]
  0x000001f2fbafb000 GCTaskThread "GC Thread#7" [stack: 0x0000008f4b900000,0x0000008f4ba00000] [id=20132]
  0x000001f2ff0fe000 ConcurrentGCThread "G1 Main Marker" [stack: 0x0000008f4c300000,0x0000008f4c400000] [id=24872]
  0x000001f2fbaf9800 ConcurrentGCThread "G1 Marker#0" [stack: 0x0000008f4c400000,0x0000008f4c500000] [id=22976]
  0x000001f2fbafd800 ConcurrentGCThread "G1 Marker#1" [stack: 0x0000008f4c500000,0x0000008f4c600000] [id=26016]
  0x000001f2de12e800 ConcurrentGCThread "G1 Refine#0" [stack: 0x0000008f4c100000,0x0000008f4c200000] [id=5032]
  0x000001f2fe87a800 ConcurrentGCThread "G1 Refine#1" [stack: 0x0000008f4c000000,0x0000008f4c100000] [id=5664]
  0x000001f2fd7c5000 ConcurrentGCThread "G1 Refine#2" [stack: 0x0000008f4bf00000,0x0000008f4c000000] [id=26252]
  0x000001f2fe725000 ConcurrentGCThread "G1 Refine#3" [stack: 0x0000008f4be00000,0x0000008f4bf00000] [id=7816]
  0x000001f2fe724800 ConcurrentGCThread "G1 Refine#4" [stack: 0x0000008f4bd00000,0x0000008f4be00000] [id=11856]
  0x000001f2fd7ee800 ConcurrentGCThread "G1 Refine#5" [stack: 0x0000008f4bc00000,0x0000008f4bd00000] [id=13076]
  0x000001f2fefee800 ConcurrentGCThread "G1 Refine#6" [stack: 0x0000008f4bb00000,0x0000008f4bc00000] [id=4324]
  0x000001f2e32d6800 ConcurrentGCThread "G1 Refine#7" [stack: 0x0000008f4ba00000,0x0000008f4bb00000] [id=25832]
  0x000001f2de12f000 ConcurrentGCThread "G1 Young RemSet Sampling" [stack: 0x0000008f4c200000,0x0000008f4c300000] [id=28164]

Threads with active compile tasks:

VM state:not at safepoint (normal execution)

VM Mutex/Monitor currently owned by a thread: None

Heap address: 0x0000000700000000, size: 3072 MB, Compressed Oops mode: Zero based, Oop shift amount: 3
Narrow klass base: 0x0000000000000000, Narrow klass shift: 3
Compressed class space size: 1073741824 Address: 0x00000007c0000000

Heap:
 garbage-first heap   total 293888K, used 112109K [0x0000000700000000, 0x00000007001008f8, 0x00000007c0000000)
  region size 1024K, 23 young (23552K), 1 survivors (1024K)
 Metaspace       used 84387K, capacity 89927K, committed 89980K, reserved 1126400K
  class space    used 12428K, capacity 13397K, committed 13436K, reserved 1048576K
Heap Regions: E=young(eden), S=young(survivor), O=old, HS=humongous(starts), HC=humongous(continues), CS=collection set, F=free, A=archive, TS=gc time stamp, AC=allocation context, TAMS=top-at-mark-start (previous, next)
|   0|0x0000000700000000, 0x00000007000ffff0, 0x0000000700100000| 99%| O|  |TS  0|AC  0|TAMS 0x0000000700000000, 0x0000000700000000|
|   1|0x0000000700100000, 0x00000007001f1cb8, 0x0000000700200000| 94%| O|  |TS  0|AC  0|TAMS 0x0000000700100000, 0x0000000700100000|
|   2|0x0000000700200000, 0x0000000700300000, 0x0000000700300000|100%|HS|  |TS  0|AC  0|TAMS 0x0000000700200000, 0x0000000700200000|
|   3|0x0000000700300000, 0x0000000700400000, 0x0000000700400000|100%|HC|  |TS  0|AC  0|TAMS 0x0000000700300000, 0x0000000700300000|
|   4|0x0000000700400000, 0x0000000700500000, 0x0000000700500000|100%|HS|  |TS  0|AC  0|TAMS 0x0000000700400000, 0x0000000700400000|
|   5|0x0000000700500000, 0x00000007005fd9a0, 0x0000000700600000| 99%| O|  |TS  0|AC  0|TAMS 0x0000000700500000, 0x0000000700500000|
|   6|0x0000000700600000, 0x00000007006f4ee8, 0x0000000700700000| 95%| O|  |TS  0|AC  0|TAMS 0x0000000700600000, 0x0000000700600000|
|   7|0x0000000700700000, 0x00000007007fffe8, 0x0000000700800000| 99%| O|  |TS  0|AC  0|TAMS 0x0000000700700000, 0x0000000700700000|
|   8|0x0000000700800000, 0x00000007008d5940, 0x0000000700900000| 83%| O|  |TS  0|AC  0|TAMS 0x0000000700800000, 0x0000000700800000|
|   9|0x0000000700900000, 0x00000007009ff8e8, 0x0000000700a00000| 99%| O|  |TS  0|AC  0|TAMS 0x0000000700900000, 0x0000000700900000|
|  10|0x0000000700a00000, 0x0000000700af4520, 0x0000000700b00000| 95%| O|  |TS  0|AC  0|TAMS 0x0000000700a00000, 0x0000000700a00000|
|  11|0x0000000700b00000, 0x0000000700bfffe8, 0x0000000700c00000| 99%| O|  |TS  0|AC  0|TAMS 0x0000000700b00000, 0x0000000700b00000|
|  12|0x0000000700c00000, 0x0000000700d00000, 0x0000000700d00000|100%| O|  |TS  0|AC  0|TAMS 0x0000000700c00000, 0x0000000700c00000|
|  13|0x0000000700d00000, 0x0000000700dffff0, 0x0000000700e00000| 99%| O|  |TS  0|AC  0|TAMS 0x0000000700d00000, 0x0000000700d00000|
|  14|0x0000000700e00000, 0x0000000700efffe8, 0x0000000700f00000| 99%| O|  |TS  0|AC  0|TAMS 0x0000000700e00000, 0x0000000700e00000|
|  15|0x0000000700f00000, 0x0000000700ffffe0, 0x0000000701000000| 99%| O|  |TS  0|AC  0|TAMS 0x0000000700f00000, 0x0000000700f00000|
|  16|0x0000000701000000, 0x0000000701100000, 0x0000000701100000|100%|HS|  |TS  0|AC  0|TAMS 0x0000000701000000, 0x0000000701000000|
|  17|0x0000000701100000, 0x00000007011ffcc8, 0x0000000701200000| 99%| O|  |TS  0|AC  0|TAMS 0x0000000701100000, 0x0000000701100000|
|  18|0x0000000701200000, 0x0000000701300000, 0x0000000701300000|100%| O|  |TS  0|AC  0|TAMS 0x0000000701200000, 0x0000000701200000|
|  19|0x0000000701300000, 0x00000007013f17e0, 0x0000000701400000| 94%| O|  |TS  0|AC  0|TAMS 0x0000000701300000, 0x0000000701300000|
|  20|0x0000000701400000, 0x00000007014fffe8, 0x0000000701500000| 99%| O|  |TS  0|AC  0|TAMS 0x0000000701400000, 0x0000000701400000|
|  21|0x0000000701500000, 0x00000007015ffd28, 0x0000000701600000| 99%| O|  |TS  0|AC  0|TAMS 0x0000000701500000, 0x0000000701500000|
|  22|0x0000000701600000, 0x00000007016fffe0, 0x0000000701700000| 99%| O|  |TS  0|AC  0|TAMS 0x0000000701600000, 0x0000000701600000|
|  23|0x0000000701700000, 0x00000007017fff40, 0x0000000701800000| 99%| O|  |TS  0|AC  0|TAMS 0x0000000701700000, 0x0000000701700000|
|  24|0x0000000701800000, 0x00000007018fffe0, 0x0000000701900000| 99%| O|  |TS  0|AC  0|TAMS 0x0000000701800000, 0x0000000701800000|
|  25|0x0000000701900000, 0x00000007019ffff0, 0x0000000701a00000| 99%| O|  |TS  0|AC  0|TAMS 0x0000000701900000, 0x0000000701900000|
|  26|0x0000000701a00000, 0x0000000701affff8, 0x0000000701b00000| 99%| O|  |TS  0|AC  0|TAMS 0x0000000701a00000, 0x0000000701a00000|
|  27|0x0000000701b00000, 0x0000000701bfffe0, 0x0000000701c00000| 99%| O|  |TS  0|AC  0|TAMS 0x0000000701b00000, 0x0000000701b00000|
|  28|0x0000000701c00000, 0x0000000701cffff8, 0x0000000701d00000| 99%| O|  |TS  0|AC  0|TAMS 0x0000000701c00000, 0x0000000701c00000|
|  29|0x0000000701d00000, 0x0000000701dffff0, 0x0000000701e00000| 99%| O|  |TS  0|AC  0|TAMS 0x0000000701d00000, 0x0000000701d00000|
|  30|0x0000000701e00000, 0x0000000701effff0, 0x0000000701f00000| 99%| O|  |TS  0|AC  0|TAMS 0x0000000701e00000, 0x0000000701e00000|
|  31|0x0000000701f00000, 0x0000000701ffffe0, 0x0000000702000000| 99%| O|  |TS  0|AC  0|TAMS 0x0000000701f00000, 0x0000000701f00000|
|  32|0x0000000702000000, 0x00000007020ffff0, 0x0000000702100000| 99%| O|  |TS  0|AC  0|TAMS 0x0000000702000000, 0x0000000702000000|
|  33|0x0000000702100000, 0x0000000702200000, 0x0000000702200000|100%| O|  |TS  0|AC  0|TAMS 0x0000000702100000, 0x0000000702100000|
|  34|0x0000000702200000, 0x00000007022fffe8, 0x0000000702300000| 99%| O|  |TS  0|AC  0|TAMS 0x0000000702200000, 0x0000000702200000|
|  35|0x0000000702300000, 0x00000007023fffe8, 0x0000000702400000| 99%| O|  |TS  0|AC  0|TAMS 0x0000000702300000, 0x0000000702300000|
|  36|0x0000000702400000, 0x00000007024ffff8, 0x0000000702500000| 99%| O|  |TS  0|AC  0|TAMS 0x0000000702400000, 0x0000000702400000|
|  37|0x0000000702500000, 0x00000007025fffd8, 0x0000000702600000| 99%| O|  |TS  0|AC  0|TAMS 0x0000000702500000, 0x0000000702500000|
|  38|0x0000000702600000, 0x00000007026ffff8, 0x0000000702700000| 99%| O|  |TS  0|AC  0|TAMS 0x0000000702600000, 0x0000000702600000|
|  39|0x0000000702700000, 0x00000007027fffe0, 0x0000000702800000| 99%| O|  |TS  0|AC  0|TAMS 0x0000000702700000, 0x0000000702700000|
|  40|0x0000000702800000, 0x00000007028e3c88, 0x0000000702900000| 88%| O|  |TS  0|AC  0|TAMS 0x0000000702800000, 0x0000000702800000|
|  41|0x0000000702900000, 0x00000007029fffe8, 0x0000000702a00000| 99%| O|  |TS  0|AC  0|TAMS 0x0000000702900000, 0x0000000702900000|
|  42|0x0000000702a00000, 0x0000000702b00000, 0x0000000702b00000|100%| O|  |TS  0|AC  0|TAMS 0x0000000702a00000, 0x0000000702a00000|
|  43|0x0000000702b00000, 0x0000000702bffff0, 0x0000000702c00000| 99%| O|  |TS  0|AC  0|TAMS 0x0000000702b00000, 0x0000000702b00000|
|  44|0x0000000702c00000, 0x0000000702cfffe8, 0x0000000702d00000| 99%| O|  |TS  0|AC  0|TAMS 0x0000000702c00000, 0x0000000702c00000|
|  45|0x0000000702d00000, 0x0000000702e00000, 0x0000000702e00000|100%| O|  |TS  0|AC  0|TAMS 0x0000000702d00000, 0x0000000702d00000|
|  46|0x0000000702e00000, 0x0000000702effff0, 0x0000000702f00000| 99%| O|  |TS  0|AC  0|TAMS 0x0000000702e00000, 0x0000000702e00000|
|  47|0x0000000702f00000, 0x0000000703000000, 0x0000000703000000|100%| O|  |TS  0|AC  0|TAMS 0x0000000702f00000, 0x0000000702f00000|
|  48|0x0000000703000000, 0x00000007030fec60, 0x0000000703100000| 99%| O|  |TS  0|AC  0|TAMS 0x0000000703000000, 0x0000000703000000|
|  49|0x0000000703100000, 0x00000007031fff28, 0x0000000703200000| 99%| O|  |TS  0|AC  0|TAMS 0x0000000703100000, 0x0000000703100000|
|  50|0x0000000703200000, 0x00000007032fffd8, 0x0000000703300000| 99%| O|  |TS  0|AC  0|TAMS 0x0000000703200000, 0x0000000703200000|
|  51|0x0000000703300000, 0x00000007033fffc0, 0x0000000703400000| 99%| O|  |TS  0|AC  0|TAMS 0x0000000703300000, 0x0000000703300000|
|  52|0x0000000703400000, 0x00000007034fffc8, 0x0000000703500000| 99%| O|  |TS  0|AC  0|TAMS 0x0000000703400000, 0x0000000703400000|
|  53|0x0000000703500000, 0x00000007035ffff8, 0x0000000703600000| 99%| O|  |TS  0|AC  0|TAMS 0x0000000703500000, 0x0000000703500000|
|  54|0x0000000703600000, 0x00000007036fe4c8, 0x0000000703700000| 99%| O|  |TS  0|AC  0|TAMS 0x0000000703600000, 0x0000000703600000|
|  55|0x0000000703700000, 0x00000007037ffff0, 0x0000000703800000| 99%| O|  |TS  0|AC  0|TAMS 0x0000000703700000, 0x0000000703700000|
|  56|0x0000000703800000, 0x00000007038fff90, 0x0000000703900000| 99%| O|  |TS  0|AC  0|TAMS 0x0000000703800000, 0x0000000703800000|
|  57|0x0000000703900000, 0x00000007039fff60, 0x0000000703a00000| 99%| O|  |TS  0|AC  0|TAMS 0x0000000703900000, 0x0000000703900000|
|  58|0x0000000703a00000, 0x0000000703ac5730, 0x0000000703b00000| 77%| O|  |TS  0|AC  0|TAMS 0x0000000703a00000, 0x0000000703a00000|
|  59|0x0000000703b00000, 0x0000000703bfffc0, 0x0000000703c00000| 99%| O|  |TS  0|AC  0|TAMS 0x0000000703b00000, 0x0000000703b00000|
|  60|0x0000000703c00000, 0x0000000703cffff0, 0x0000000703d00000| 99%| O|  |TS  0|AC  0|TAMS 0x0000000703c00000, 0x0000000703c00000|
|  61|0x0000000703d00000, 0x0000000703dfffe8, 0x0000000703e00000| 99%| O|  |TS  0|AC  0|TAMS 0x0000000703d00000, 0x0000000703d00000|
|  62|0x0000000703e00000, 0x0000000703eff0f0, 0x0000000703f00000| 99%| O|  |TS  0|AC  0|TAMS 0x0000000703e00000, 0x0000000703e00000|
|  63|0x0000000703f00000, 0x0000000703ffe9d0, 0x0000000704000000| 99%| O|  |TS  0|AC  0|TAMS 0x0000000703f00000, 0x0000000703f00000|
|  64|0x0000000704000000, 0x0000000704100000, 0x0000000704100000|100%| O|  |TS  0|AC  0|TAMS 0x0000000704000000, 0x0000000704000000|
|  65|0x0000000704100000, 0x00000007041ffff8, 0x0000000704200000| 99%| O|  |TS  0|AC  0|TAMS 0x0000000704100000, 0x0000000704100000|
|  66|0x0000000704200000, 0x0000000704300000, 0x0000000704300000|100%| O|  |TS  0|AC  0|TAMS 0x0000000704200000, 0x0000000704200000|
|  67|0x0000000704300000, 0x00000007043ffff0, 0x0000000704400000| 99%| O|  |TS  0|AC  0|TAMS 0x0000000704300000, 0x0000000704300000|
|  68|0x0000000704400000, 0x0000000704500000, 0x0000000704500000|100%| O|  |TS  0|AC  0|TAMS 0x0000000704400000, 0x0000000704400000|
|  69|0x0000000704500000, 0x00000007045fffe8, 0x0000000704600000| 99%| O|  |TS  0|AC  0|TAMS 0x0000000704500000, 0x0000000704500000|
|  70|0x0000000704600000, 0x0000000704700000, 0x0000000704700000|100%|HS|  |TS  0|AC  0|TAMS 0x0000000704600000, 0x0000000704600000|
|  71|0x0000000704700000, 0x0000000704800000, 0x0000000704800000|100%|HC|  |TS  0|AC  0|TAMS 0x0000000704700000, 0x0000000704700000|
|  72|0x0000000704800000, 0x00000007048fffc8, 0x0000000704900000| 99%| O|  |TS  0|AC  0|TAMS 0x0000000704800000, 0x0000000704800000|
|  73|0x0000000704900000, 0x00000007049fffd0, 0x0000000704a00000| 99%| O|  |TS  0|AC  0|TAMS 0x0000000704900000, 0x0000000704900000|
|  74|0x0000000704a00000, 0x0000000704afff48, 0x0000000704b00000| 99%| O|  |TS  0|AC  0|TAMS 0x0000000704a00000, 0x0000000704a00000|
|  75|0x0000000704b00000, 0x0000000704bfffc0, 0x0000000704c00000| 99%| O|  |TS  0|AC  0|TAMS 0x0000000704b00000, 0x0000000704b00000|
|  76|0x0000000704c00000, 0x0000000704c93898, 0x0000000704d00000| 57%| O|  |TS  0|AC  0|TAMS 0x0000000704c00000, 0x0000000704c00000|
|  77|0x0000000704d00000, 0x0000000704e00000, 0x0000000704e00000|100%|HS|  |TS  0|AC  0|TAMS 0x0000000704d00000, 0x0000000704d00000|
|  78|0x0000000704e00000, 0x0000000704f00000, 0x0000000704f00000|100%|HC|  |TS  0|AC  0|TAMS 0x0000000704e00000, 0x0000000704e00000|
|  79|0x0000000704f00000, 0x0000000704f00000, 0x0000000705000000|  0%| F|  |TS  0|AC  0|TAMS 0x0000000704f00000, 0x0000000704f00000|
|  80|0x0000000705000000, 0x0000000705000000, 0x0000000705100000|  0%| F|  |TS  0|AC  0|TAMS 0x0000000705000000, 0x0000000705000000|
|  81|0x0000000705100000, 0x0000000705100000, 0x0000000705200000|  0%| F|  |TS  0|AC  0|TAMS 0x0000000705100000, 0x0000000705100000|
|  82|0x0000000705200000, 0x0000000705200000, 0x0000000705300000|  0%| F|  |TS  0|AC  0|TAMS 0x0000000705200000, 0x0000000705200000|
|  83|0x0000000705300000, 0x0000000705300000, 0x0000000705400000|  0%| F|  |TS  0|AC  0|TAMS 0x0000000705300000, 0x0000000705300000|
|  84|0x0000000705400000, 0x0000000705400000, 0x0000000705500000|  0%| F|  |TS  0|AC  0|TAMS 0x0000000705400000, 0x0000000705400000|
|  85|0x0000000705500000, 0x0000000705500000, 0x0000000705600000|  0%| F|  |TS  0|AC  0|TAMS 0x0000000705500000, 0x0000000705500000|
|  86|0x0000000705600000, 0x0000000705600000, 0x0000000705700000|  0%| F|  |TS  0|AC  0|TAMS 0x0000000705600000, 0x0000000705600000|
|  87|0x0000000705700000, 0x0000000705700000, 0x0000000705800000|  0%| F|  |TS  0|AC  0|TAMS 0x0000000705700000, 0x0000000705700000|
|  88|0x0000000705800000, 0x0000000705800000, 0x0000000705900000|  0%| F|  |TS  0|AC  0|TAMS 0x0000000705800000, 0x0000000705800000|
|  89|0x0000000705900000, 0x0000000705900000, 0x0000000705a00000|  0%| F|  |TS  0|AC  0|TAMS 0x0000000705900000, 0x0000000705900000|
|  90|0x0000000705a00000, 0x0000000705b00000, 0x0000000705b00000|100%|HS|  |TS  0|AC  0|TAMS 0x0000000705a00000, 0x0000000705a00000|
|  91|0x0000000705b00000, 0x0000000705c00000, 0x0000000705c00000|100%|HC|  |TS  0|AC  0|TAMS 0x0000000705b00000, 0x0000000705b00000|
|  92|0x0000000705c00000, 0x0000000705d00000, 0x0000000705d00000|100%|HC|  |TS  0|AC  0|TAMS 0x0000000705c00000, 0x0000000705c00000|
|  93|0x0000000705d00000, 0x0000000705d00000, 0x0000000705e00000|  0%| F|  |TS  0|AC  0|TAMS 0x0000000705d00000, 0x0000000705d00000|
|  94|0x0000000705e00000, 0x0000000705e00000, 0x0000000705f00000|  0%| F|  |TS  0|AC  0|TAMS 0x0000000705e00000, 0x0000000705e00000|
|  95|0x0000000705f00000, 0x0000000705f00000, 0x0000000706000000|  0%| F|  |TS  0|AC  0|TAMS 0x0000000705f00000, 0x0000000705f00000|
|  96|0x0000000706000000, 0x0000000706000000, 0x0000000706100000|  0%| F|  |TS  0|AC  0|TAMS 0x0000000706000000, 0x0000000706000000|
|  97|0x0000000706100000, 0x0000000706200000, 0x0000000706200000|100%|HS|  |TS  0|AC  0|TAMS 0x0000000706100000, 0x0000000706100000|
|  98|0x0000000706200000, 0x0000000706300000, 0x0000000706300000|100%|HC|  |TS  0|AC  0|TAMS 0x0000000706200000, 0x0000000706200000|
|  99|0x0000000706300000, 0x0000000706400000, 0x0000000706400000|100%|HC|  |TS  0|AC  0|TAMS 0x0000000706300000, 0x0000000706300000|
| 100|0x0000000706400000, 0x0000000706500000, 0x0000000706500000|100%|HC|  |TS  0|AC  0|TAMS 0x0000000706400000, 0x0000000706400000|
| 101|0x0000000706500000, 0x0000000706600000, 0x0000000706600000|100%|HC|  |TS  0|AC  0|TAMS 0x0000000706500000, 0x0000000706500000|
| 102|0x0000000706600000, 0x0000000706700000, 0x0000000706700000|100%|HC|  |TS  0|AC  0|TAMS 0x0000000706600000, 0x0000000706600000|
| 103|0x0000000706700000, 0x0000000706800000, 0x0000000706800000|100%|HC|  |TS  0|AC  0|TAMS 0x0000000706700000, 0x0000000706700000|
| 104|0x0000000706800000, 0x0000000706800000, 0x0000000706900000|  0%| F|  |TS  0|AC  0|TAMS 0x0000000706800000, 0x0000000706800000|
| 105|0x0000000706900000, 0x0000000706900000, 0x0000000706a00000|  0%| F|  |TS  0|AC  0|TAMS 0x0000000706900000, 0x0000000706900000|
| 106|0x0000000706a00000, 0x0000000706a00000, 0x0000000706b00000|  0%| F|  |TS  0|AC  0|TAMS 0x0000000706a00000, 0x0000000706a00000|
| 107|0x0000000706b00000, 0x0000000706b00000, 0x0000000706c00000|  0%| F|  |TS  0|AC  0|TAMS 0x0000000706b00000, 0x0000000706b00000|
| 108|0x0000000706c00000, 0x0000000706c00000, 0x0000000706d00000|  0%| F|  |TS  0|AC  0|TAMS 0x0000000706c00000, 0x0000000706c00000|
| 109|0x0000000706d00000, 0x0000000706d00000, 0x0000000706e00000|  0%| F|  |TS  0|AC  0|TAMS 0x0000000706d00000, 0x0000000706d00000|
| 110|0x0000000706e00000, 0x0000000706e00000, 0x0000000706f00000|  0%| F|  |TS  0|AC  0|TAMS 0x0000000706e00000, 0x0000000706e00000|
| 111|0x0000000706f00000, 0x0000000706f00000, 0x0000000707000000|  0%| F|  |TS  0|AC  0|TAMS 0x0000000706f00000, 0x0000000706f00000|
| 112|0x0000000707000000, 0x0000000707000000, 0x0000000707100000|  0%| F|  |TS  0|AC  0|TAMS 0x0000000707000000, 0x0000000707000000|
| 113|0x0000000707100000, 0x0000000707100000, 0x0000000707200000|  0%| F|  |TS  0|AC  0|TAMS 0x0000000707100000, 0x0000000707100000|
| 114|0x0000000707200000, 0x0000000707200000, 0x0000000707300000|  0%| F|  |TS  0|AC  0|TAMS 0x0000000707200000, 0x0000000707200000|
| 115|0x0000000707300000, 0x0000000707300000, 0x0000000707400000|  0%| F|  |TS  0|AC  0|TAMS 0x0000000707300000, 0x0000000707300000|
| 116|0x0000000707400000, 0x0000000707400000, 0x0000000707500000|  0%| F|  |TS  0|AC  0|TAMS 0x0000000707400000, 0x0000000707400000|
| 117|0x0000000707500000, 0x0000000707500000, 0x0000000707600000|  0%| F|  |TS  0|AC  0|TAMS 0x0000000707500000, 0x0000000707500000|
| 118|0x0000000707600000, 0x0000000707600000, 0x0000000707700000|  0%| F|  |TS  0|AC  0|TAMS 0x0000000707600000, 0x0000000707600000|
| 119|0x0000000707700000, 0x0000000707700000, 0x0000000707800000|  0%| F|  |TS  0|AC  0|TAMS 0x0000000707700000, 0x0000000707700000|
| 120|0x0000000707800000, 0x0000000707800000, 0x0000000707900000|  0%| F|  |TS  0|AC  0|TAMS 0x0000000707800000, 0x0000000707800000|
| 121|0x0000000707900000, 0x0000000707900000, 0x0000000707a00000|  0%| F|  |TS  0|AC  0|TAMS 0x0000000707900000, 0x0000000707900000|
| 122|0x0000000707a00000, 0x0000000707a00000, 0x0000000707b00000|  0%| F|  |TS  0|AC  0|TAMS 0x0000000707a00000, 0x0000000707a00000|
| 123|0x0000000707b00000, 0x0000000707b00000, 0x0000000707c00000|  0%| F|  |TS  0|AC  0|TAMS 0x0000000707b00000, 0x0000000707b00000|
| 124|0x0000000707c00000, 0x0000000707c00000, 0x0000000707d00000|  0%| F|  |TS  0|AC  0|TAMS 0x0000000707c00000, 0x0000000707c00000|
| 125|0x0000000707d00000, 0x0000000707d00000, 0x0000000707e00000|  0%| F|  |TS  0|AC  0|TAMS 0x0000000707d00000, 0x0000000707d00000|
| 126|0x0000000707e00000, 0x0000000707e00000, 0x0000000707f00000|  0%| F|  |TS  0|AC  0|TAMS 0x0000000707e00000, 0x0000000707e00000|
| 127|0x0000000707f00000, 0x0000000707f00000, 0x0000000708000000|  0%| F|  |TS  0|AC  0|TAMS 0x0000000707f00000, 0x0000000707f00000|
| 128|0x0000000708000000, 0x0000000708000000, 0x0000000708100000|  0%| F|  |TS  0|AC  0|TAMS 0x0000000708000000, 0x0000000708000000|
| 129|0x0000000708100000, 0x0000000708100000, 0x0000000708200000|  0%| F|  |TS  0|AC  0|TAMS 0x0000000708100000, 0x0000000708100000|
| 130|0x0000000708200000, 0x0000000708200000, 0x0000000708300000|  0%| F|  |TS  0|AC  0|TAMS 0x0000000708200000, 0x0000000708200000|
| 131|0x0000000708300000, 0x0000000708300000, 0x0000000708400000|  0%| F|  |TS  0|AC  0|TAMS 0x0000000708300000, 0x0000000708300000|
| 132|0x0000000708400000, 0x0000000708400000, 0x0000000708500000|  0%| F|  |TS  0|AC  0|TAMS 0x0000000708400000, 0x0000000708400000|
| 133|0x0000000708500000, 0x0000000708500000, 0x0000000708600000|  0%| F|  |TS  0|AC  0|TAMS 0x0000000708500000, 0x0000000708500000|
| 134|0x0000000708600000, 0x0000000708600000, 0x0000000708700000|  0%| F|  |TS  0|AC  0|TAMS 0x0000000708600000, 0x0000000708600000|
| 135|0x0000000708700000, 0x0000000708700000, 0x0000000708800000|  0%| F|  |TS  0|AC  0|TAMS 0x0000000708700000, 0x0000000708700000|
| 136|0x0000000708800000, 0x0000000708800000, 0x0000000708900000|  0%| F|  |TS  0|AC  0|TAMS 0x0000000708800000, 0x0000000708800000|
| 137|0x0000000708900000, 0x0000000708900000, 0x0000000708a00000|  0%| F|  |TS  0|AC  0|TAMS 0x0000000708900000, 0x0000000708900000|
| 138|0x0000000708a00000, 0x0000000708a00000, 0x0000000708b00000|  0%| F|  |TS  0|AC  0|TAMS 0x0000000708a00000, 0x0000000708a00000|
| 139|0x0000000708b00000, 0x0000000708b00000, 0x0000000708c00000|  0%| F|  |TS  0|AC  0|TAMS 0x0000000708b00000, 0x0000000708b00000|
| 140|0x0000000708c00000, 0x0000000708c00000, 0x0000000708d00000|  0%| F|  |TS  0|AC  0|TAMS 0x0000000708c00000, 0x0000000708c00000|
| 141|0x0000000708d00000, 0x0000000708d00000, 0x0000000708e00000|  0%| F|  |TS  0|AC  0|TAMS 0x0000000708d00000, 0x0000000708d00000|
| 142|0x0000000708e00000, 0x0000000708e00000, 0x0000000708f00000|  0%| F|  |TS  0|AC  0|TAMS 0x0000000708e00000, 0x0000000708e00000|
| 143|0x0000000708f00000, 0x0000000708f00000, 0x0000000709000000|  0%| F|  |TS  0|AC  0|TAMS 0x0000000708f00000, 0x0000000708f00000|
| 144|0x0000000709000000, 0x0000000709000000, 0x0000000709100000|  0%| F|  |TS  0|AC  0|TAMS 0x0000000709000000, 0x0000000709000000|
| 145|0x0000000709100000, 0x0000000709100000, 0x0000000709200000|  0%| F|  |TS  0|AC  0|TAMS 0x0000000709100000, 0x0000000709100000|
| 146|0x0000000709200000, 0x0000000709200000, 0x0000000709300000|  0%| F|  |TS  0|AC  0|TAMS 0x0000000709200000, 0x0000000709200000|
| 147|0x0000000709300000, 0x0000000709300000, 0x0000000709400000|  0%| F|  |TS  0|AC  0|TAMS 0x0000000709300000, 0x0000000709300000|
| 148|0x0000000709400000, 0x0000000709400000, 0x0000000709500000|  0%| F|  |TS  0|AC  0|TAMS 0x0000000709400000, 0x0000000709400000|
| 149|0x0000000709500000, 0x0000000709500000, 0x0000000709600000|  0%| F|  |TS  0|AC  0|TAMS 0x0000000709500000, 0x0000000709500000|
| 150|0x0000000709600000, 0x0000000709600000, 0x0000000709700000|  0%| F|  |TS  0|AC  0|TAMS 0x0000000709600000, 0x0000000709600000|
| 151|0x0000000709700000, 0x0000000709700000, 0x0000000709800000|  0%| F|  |TS  0|AC  0|TAMS 0x0000000709700000, 0x0000000709700000|
| 152|0x0000000709800000, 0x0000000709800000, 0x0000000709900000|  0%| F|  |TS  0|AC  0|TAMS 0x0000000709800000, 0x0000000709800000|
| 153|0x0000000709900000, 0x0000000709900000, 0x0000000709a00000|  0%| F|  |TS  0|AC  0|TAMS 0x0000000709900000, 0x0000000709900000|
| 154|0x0000000709a00000, 0x0000000709a00000, 0x0000000709b00000|  0%| F|  |TS  0|AC  0|TAMS 0x0000000709a00000, 0x0000000709a00000|
| 155|0x0000000709b00000, 0x0000000709b00000, 0x0000000709c00000|  0%| F|  |TS  0|AC  0|TAMS 0x0000000709b00000, 0x0000000709b00000|
| 156|0x0000000709c00000, 0x0000000709c00000, 0x0000000709d00000|  0%| F|  |TS  0|AC  0|TAMS 0x0000000709c00000, 0x0000000709c00000|
| 157|0x0000000709d00000, 0x0000000709d00000, 0x0000000709e00000|  0%| F|  |TS  0|AC  0|TAMS 0x0000000709d00000, 0x0000000709d00000|
| 158|0x0000000709e00000, 0x0000000709e00000, 0x0000000709f00000|  0%| F|  |TS  0|AC  0|TAMS 0x0000000709e00000, 0x0000000709e00000|
| 159|0x0000000709f00000, 0x0000000709f00000, 0x000000070a000000|  0%| F|  |TS  0|AC  0|TAMS 0x0000000709f00000, 0x0000000709f00000|
| 160|0x000000070a000000, 0x000000070a000000, 0x000000070a100000|  0%| F|  |TS  0|AC  0|TAMS 0x000000070a000000, 0x000000070a000000|
| 161|0x000000070a100000, 0x000000070a100000, 0x000000070a200000|  0%| F|  |TS  0|AC  0|TAMS 0x000000070a100000, 0x000000070a100000|
| 162|0x000000070a200000, 0x000000070a200000, 0x000000070a300000|  0%| F|  |TS  0|AC  0|TAMS 0x000000070a200000, 0x000000070a200000|
| 163|0x000000070a300000, 0x000000070a300000, 0x000000070a400000|  0%| F|  |TS  0|AC  0|TAMS 0x000000070a300000, 0x000000070a300000|
| 164|0x000000070a400000, 0x000000070a400000, 0x000000070a500000|  0%| F|  |TS  0|AC  0|TAMS 0x000000070a400000, 0x000000070a400000|
| 165|0x000000070a500000, 0x000000070a500000, 0x000000070a600000|  0%| F|  |TS  0|AC  0|TAMS 0x000000070a500000, 0x000000070a500000|
| 166|0x000000070a600000, 0x000000070a600000, 0x000000070a700000|  0%| F|  |TS  0|AC  0|TAMS 0x000000070a600000, 0x000000070a600000|
| 167|0x000000070a700000, 0x000000070a700000, 0x000000070a800000|  0%| F|  |TS  0|AC  0|TAMS 0x000000070a700000, 0x000000070a700000|
| 168|0x000000070a800000, 0x000000070a800000, 0x000000070a900000|  0%| F|  |TS  0|AC  0|TAMS 0x000000070a800000, 0x000000070a800000|
| 169|0x000000070a900000, 0x000000070a900000, 0x000000070aa00000|  0%| F|  |TS  0|AC  0|TAMS 0x000000070a900000, 0x000000070a900000|
| 170|0x000000070aa00000, 0x000000070aa00000, 0x000000070ab00000|  0%| F|  |TS  0|AC  0|TAMS 0x000000070aa00000, 0x000000070aa00000|
| 171|0x000000070ab00000, 0x000000070ab00000, 0x000000070ac00000|  0%| F|  |TS  0|AC  0|TAMS 0x000000070ab00000, 0x000000070ab00000|
| 172|0x000000070ac00000, 0x000000070ac00000, 0x000000070ad00000|  0%| F|  |TS  0|AC  0|TAMS 0x000000070ac00000, 0x000000070ac00000|
| 173|0x000000070ad00000, 0x000000070ad00000, 0x000000070ae00000|  0%| F|  |TS  0|AC  0|TAMS 0x000000070ad00000, 0x000000070ad00000|
| 174|0x000000070ae00000, 0x000000070ae00000, 0x000000070af00000|  0%| F|  |TS  0|AC  0|TAMS 0x000000070ae00000, 0x000000070ae00000|
| 175|0x000000070af00000, 0x000000070af00000, 0x000000070b000000|  0%| F|  |TS  0|AC  0|TAMS 0x000000070af00000, 0x000000070af00000|
| 176|0x000000070b000000, 0x000000070b000000, 0x000000070b100000|  0%| F|  |TS  0|AC  0|TAMS 0x000000070b000000, 0x000000070b000000|
| 177|0x000000070b100000, 0x000000070b100000, 0x000000070b200000|  0%| F|  |TS  0|AC  0|TAMS 0x000000070b100000, 0x000000070b100000|
| 178|0x000000070b200000, 0x000000070b200000, 0x000000070b300000|  0%| F|  |TS  0|AC  0|TAMS 0x000000070b200000, 0x000000070b200000|
| 179|0x000000070b300000, 0x000000070b300000, 0x000000070b400000|  0%| F|  |TS  0|AC  0|TAMS 0x000000070b300000, 0x000000070b300000|
| 180|0x000000070b400000, 0x000000070b400000, 0x000000070b500000|  0%| F|  |TS  0|AC  0|TAMS 0x000000070b400000, 0x000000070b400000|
| 181|0x000000070b500000, 0x000000070b500000, 0x000000070b600000|  0%| F|  |TS  0|AC  0|TAMS 0x000000070b500000, 0x000000070b500000|
| 182|0x000000070b600000, 0x000000070b600000, 0x000000070b700000|  0%| F|  |TS  0|AC  0|TAMS 0x000000070b600000, 0x000000070b600000|
| 183|0x000000070b700000, 0x000000070b700000, 0x000000070b800000|  0%| F|  |TS  0|AC  0|TAMS 0x000000070b700000, 0x000000070b700000|
| 184|0x000000070b800000, 0x000000070b800000, 0x000000070b900000|  0%| F|  |TS  0|AC  0|TAMS 0x000000070b800000, 0x000000070b800000|
| 185|0x000000070b900000, 0x000000070b900000, 0x000000070ba00000|  0%| F|  |TS  0|AC  0|TAMS 0x000000070b900000, 0x000000070b900000|
| 186|0x000000070ba00000, 0x000000070ba00000, 0x000000070bb00000|  0%| F|  |TS  0|AC  0|TAMS 0x000000070ba00000, 0x000000070ba00000|
| 187|0x000000070bb00000, 0x000000070bb00000, 0x000000070bc00000|  0%| F|  |TS  0|AC  0|TAMS 0x000000070bb00000, 0x000000070bb00000|
| 188|0x000000070bc00000, 0x000000070bc00000, 0x000000070bd00000|  0%| F|  |TS  0|AC  0|TAMS 0x000000070bc00000, 0x000000070bc00000|
| 189|0x000000070bd00000, 0x000000070bd00000, 0x000000070be00000|  0%| F|  |TS  0|AC  0|TAMS 0x000000070bd00000, 0x000000070bd00000|
| 190|0x000000070be00000, 0x000000070be00000, 0x000000070bf00000|  0%| F|  |TS  0|AC  0|TAMS 0x000000070be00000, 0x000000070be00000|
| 191|0x000000070bf00000, 0x000000070bf00000, 0x000000070c000000|  0%| F|  |TS  0|AC  0|TAMS 0x000000070bf00000, 0x000000070bf00000|
| 192|0x000000070c000000, 0x000000070c000000, 0x000000070c100000|  0%| F|  |TS  0|AC  0|TAMS 0x000000070c000000, 0x000000070c000000|
| 193|0x000000070c100000, 0x000000070c100000, 0x000000070c200000|  0%| F|  |TS  0|AC  0|TAMS 0x000000070c100000, 0x000000070c100000|
| 194|0x000000070c200000, 0x000000070c200000, 0x000000070c300000|  0%| F|  |TS  0|AC  0|TAMS 0x000000070c200000, 0x000000070c200000|
| 195|0x000000070c300000, 0x000000070c300000, 0x000000070c400000|  0%| F|  |TS  0|AC  0|TAMS 0x000000070c300000, 0x000000070c300000|
| 196|0x000000070c400000, 0x000000070c400000, 0x000000070c500000|  0%| F|  |TS  0|AC  0|TAMS 0x000000070c400000, 0x000000070c400000|
| 197|0x000000070c500000, 0x000000070c500000, 0x000000070c600000|  0%| F|  |TS  0|AC  0|TAMS 0x000000070c500000, 0x000000070c500000|
| 198|0x000000070c600000, 0x000000070c600000, 0x000000070c700000|  0%| F|  |TS  0|AC  0|TAMS 0x000000070c600000, 0x000000070c600000|
| 199|0x000000070c700000, 0x000000070c700000, 0x000000070c800000|  0%| F|  |TS  0|AC  0|TAMS 0x000000070c700000, 0x000000070c700000|
| 200|0x000000070c800000, 0x000000070c800000, 0x000000070c900000|  0%| F|  |TS  0|AC  0|TAMS 0x000000070c800000, 0x000000070c800000|
| 201|0x000000070c900000, 0x000000070c900000, 0x000000070ca00000|  0%| F|  |TS  0|AC  0|TAMS 0x000000070c900000, 0x000000070c900000|
| 202|0x000000070ca00000, 0x000000070ca00000, 0x000000070cb00000|  0%| F|  |TS  0|AC  0|TAMS 0x000000070ca00000, 0x000000070ca00000|
| 203|0x000000070cb00000, 0x000000070cb00000, 0x000000070cc00000|  0%| F|  |TS  0|AC  0|TAMS 0x000000070cb00000, 0x000000070cb00000|
| 204|0x000000070cc00000, 0x000000070cc00000, 0x000000070cd00000|  0%| F|  |TS  0|AC  0|TAMS 0x000000070cc00000, 0x000000070cc00000|
| 205|0x000000070cd00000, 0x000000070cd00000, 0x000000070ce00000|  0%| F|  |TS  0|AC  0|TAMS 0x000000070cd00000, 0x000000070cd00000|
| 206|0x000000070ce00000, 0x000000070ce00000, 0x000000070cf00000|  0%| F|  |TS  0|AC  0|TAMS 0x000000070ce00000, 0x000000070ce00000|
| 207|0x000000070cf00000, 0x000000070cf00000, 0x000000070d000000|  0%| F|  |TS  0|AC  0|TAMS 0x000000070cf00000, 0x000000070cf00000|
| 208|0x000000070d000000, 0x000000070d000000, 0x000000070d100000|  0%| F|  |TS  0|AC  0|TAMS 0x000000070d000000, 0x000000070d000000|
| 209|0x000000070d100000, 0x000000070d100000, 0x000000070d200000|  0%| F|  |TS  0|AC  0|TAMS 0x000000070d100000, 0x000000070d100000|
| 210|0x000000070d200000, 0x000000070d200000, 0x000000070d300000|  0%| F|  |TS  0|AC  0|TAMS 0x000000070d200000, 0x000000070d200000|
| 211|0x000000070d300000, 0x000000070d300000, 0x000000070d400000|  0%| F|  |TS  0|AC  0|TAMS 0x000000070d300000, 0x000000070d300000|
| 212|0x000000070d400000, 0x000000070d400000, 0x000000070d500000|  0%| F|  |TS  0|AC  0|TAMS 0x000000070d400000, 0x000000070d400000|
| 213|0x000000070d500000, 0x000000070d500000, 0x000000070d600000|  0%| F|  |TS  0|AC  0|TAMS 0x000000070d500000, 0x000000070d500000|
| 214|0x000000070d600000, 0x000000070d600000, 0x000000070d700000|  0%| F|  |TS  0|AC  0|TAMS 0x000000070d600000, 0x000000070d600000|
| 215|0x000000070d700000, 0x000000070d700000, 0x000000070d800000|  0%| F|  |TS  0|AC  0|TAMS 0x000000070d700000, 0x000000070d700000|
| 216|0x000000070d800000, 0x000000070d800000, 0x000000070d900000|  0%| F|  |TS  0|AC  0|TAMS 0x000000070d800000, 0x000000070d800000|
| 217|0x000000070d900000, 0x000000070d900000, 0x000000070da00000|  0%| F|  |TS  0|AC  0|TAMS 0x000000070d900000, 0x000000070d900000|
| 218|0x000000070da00000, 0x000000070da00000, 0x000000070db00000|  0%| F|  |TS  0|AC  0|TAMS 0x000000070da00000, 0x000000070da00000|
| 219|0x000000070db00000, 0x000000070db00000, 0x000000070dc00000|  0%| F|  |TS  0|AC  0|TAMS 0x000000070db00000, 0x000000070db00000|
| 220|0x000000070dc00000, 0x000000070dc00000, 0x000000070dd00000|  0%| F|  |TS  0|AC  0|TAMS 0x000000070dc00000, 0x000000070dc00000|
| 221|0x000000070dd00000, 0x000000070dd00000, 0x000000070de00000|  0%| F|  |TS  0|AC  0|TAMS 0x000000070dd00000, 0x000000070dd00000|
| 222|0x000000070de00000, 0x000000070de00000, 0x000000070df00000|  0%| F|  |TS  0|AC  0|TAMS 0x000000070de00000, 0x000000070de00000|
| 223|0x000000070df00000, 0x000000070df00000, 0x000000070e000000|  0%| F|  |TS  0|AC  0|TAMS 0x000000070df00000, 0x000000070df00000|
| 224|0x000000070e000000, 0x000000070e000000, 0x000000070e100000|  0%| F|  |TS  0|AC  0|TAMS 0x000000070e000000, 0x000000070e000000|
| 225|0x000000070e100000, 0x000000070e100000, 0x000000070e200000|  0%| F|  |TS  0|AC  0|TAMS 0x000000070e100000, 0x000000070e100000|
| 226|0x000000070e200000, 0x000000070e2a5528, 0x000000070e300000| 64%| S|CS|TS  1|AC  0|TAMS 0x000000070e200000, 0x000000070e200000|
| 227|0x000000070e300000, 0x000000070e300000, 0x000000070e400000|  0%| F|  |TS  1|AC  0|TAMS 0x000000070e300000, 0x000000070e300000|
| 228|0x000000070e400000, 0x000000070e400000, 0x000000070e500000|  0%| F|  |TS  1|AC  0|TAMS 0x000000070e400000, 0x000000070e400000|
| 229|0x000000070e500000, 0x000000070e500000, 0x000000070e600000|  0%| F|  |TS  1|AC  0|TAMS 0x000000070e500000, 0x000000070e500000|
| 230|0x000000070e600000, 0x000000070e600000, 0x000000070e700000|  0%| F|  |TS  1|AC  0|TAMS 0x000000070e600000, 0x000000070e600000|
| 231|0x000000070e700000, 0x000000070e700000, 0x000000070e800000|  0%| F|  |TS  1|AC  0|TAMS 0x000000070e700000, 0x000000070e700000|
| 232|0x000000070e800000, 0x000000070e800000, 0x000000070e900000|  0%| F|  |TS  1|AC  0|TAMS 0x000000070e800000, 0x000000070e800000|
| 233|0x000000070e900000, 0x000000070e900000, 0x000000070ea00000|  0%| F|  |TS  1|AC  0|TAMS 0x000000070e900000, 0x000000070e900000|
| 234|0x000000070ea00000, 0x000000070ea00000, 0x000000070eb00000|  0%| F|  |TS  1|AC  0|TAMS 0x000000070ea00000, 0x000000070ea00000|
| 235|0x000000070eb00000, 0x000000070eb00000, 0x000000070ec00000|  0%| F|  |TS  1|AC  0|TAMS 0x000000070eb00000, 0x000000070eb00000|
| 236|0x000000070ec00000, 0x000000070ec00000, 0x000000070ed00000|  0%| F|  |TS  1|AC  0|TAMS 0x000000070ec00000, 0x000000070ec00000|
| 237|0x000000070ed00000, 0x000000070ed00000, 0x000000070ee00000|  0%| F|  |TS  1|AC  0|TAMS 0x000000070ed00000, 0x000000070ed00000|
| 238|0x000000070ee00000, 0x000000070ee00000, 0x000000070ef00000|  0%| F|  |TS  1|AC  0|TAMS 0x000000070ee00000, 0x000000070ee00000|
| 239|0x000000070ef00000, 0x000000070ef00000, 0x000000070f000000|  0%| F|  |TS  1|AC  0|TAMS 0x000000070ef00000, 0x000000070ef00000|
| 240|0x000000070f000000, 0x000000070f000000, 0x000000070f100000|  0%| F|  |TS  1|AC  0|TAMS 0x000000070f000000, 0x000000070f000000|
| 241|0x000000070f100000, 0x000000070f100000, 0x000000070f200000|  0%| F|  |TS  1|AC  0|TAMS 0x000000070f100000, 0x000000070f100000|
| 242|0x000000070f200000, 0x000000070f200000, 0x000000070f300000|  0%| F|  |TS  1|AC  0|TAMS 0x000000070f200000, 0x000000070f200000|
| 243|0x000000070f300000, 0x000000070f300000, 0x000000070f400000|  0%| F|  |TS  1|AC  0|TAMS 0x000000070f300000, 0x000000070f300000|
| 244|0x000000070f400000, 0x000000070f400000, 0x000000070f500000|  0%| F|  |TS  1|AC  0|TAMS 0x000000070f400000, 0x000000070f400000|
| 245|0x000000070f500000, 0x000000070f500000, 0x000000070f600000|  0%| F|  |TS  1|AC  0|TAMS 0x000000070f500000, 0x000000070f500000|
| 246|0x000000070f600000, 0x000000070f600000, 0x000000070f700000|  0%| F|  |TS  1|AC  0|TAMS 0x000000070f600000, 0x000000070f600000|
| 247|0x000000070f700000, 0x000000070f700000, 0x000000070f800000|  0%| F|  |TS  1|AC  0|TAMS 0x000000070f700000, 0x000000070f700000|
| 248|0x000000070f800000, 0x000000070f800000, 0x000000070f900000|  0%| F|  |TS  1|AC  0|TAMS 0x000000070f800000, 0x000000070f800000|
| 249|0x000000070f900000, 0x000000070f900000, 0x000000070fa00000|  0%| F|  |TS  1|AC  0|TAMS 0x000000070f900000, 0x000000070f900000|
| 250|0x000000070fa00000, 0x000000070fa00000, 0x000000070fb00000|  0%| F|  |TS  1|AC  0|TAMS 0x000000070fa00000, 0x000000070fa00000|
| 251|0x000000070fb00000, 0x000000070fb00000, 0x000000070fc00000|  0%| F|  |TS  1|AC  0|TAMS 0x000000070fb00000, 0x000000070fb00000|
| 252|0x000000070fc00000, 0x000000070fc00000, 0x000000070fd00000|  0%| F|  |TS  1|AC  0|TAMS 0x000000070fc00000, 0x000000070fc00000|
| 253|0x000000070fd00000, 0x000000070fd00000, 0x000000070fe00000|  0%| F|  |TS  1|AC  0|TAMS 0x000000070fd00000, 0x000000070fd00000|
| 254|0x000000070fe00000, 0x000000070fe00000, 0x000000070ff00000|  0%| F|  |TS  1|AC  0|TAMS 0x000000070fe00000, 0x000000070fe00000|
| 255|0x000000070ff00000, 0x000000070ff00000, 0x0000000710000000|  0%| F|  |TS  1|AC  0|TAMS 0x000000070ff00000, 0x000000070ff00000|
| 256|0x0000000710000000, 0x0000000710000000, 0x0000000710100000|  0%| F|  |TS  1|AC  0|TAMS 0x0000000710000000, 0x0000000710000000|
| 257|0x0000000710100000, 0x0000000710100000, 0x0000000710200000|  0%| F|  |TS  1|AC  0|TAMS 0x0000000710100000, 0x0000000710100000|
| 258|0x0000000710200000, 0x0000000710200000, 0x0000000710300000|  0%| F|  |TS  1|AC  0|TAMS 0x0000000710200000, 0x0000000710200000|
| 259|0x0000000710300000, 0x0000000710300000, 0x0000000710400000|  0%| F|  |TS  1|AC  0|TAMS 0x0000000710300000, 0x0000000710300000|
| 260|0x0000000710400000, 0x0000000710400000, 0x0000000710500000|  0%| F|  |TS  1|AC  0|TAMS 0x0000000710400000, 0x0000000710400000|
| 261|0x0000000710500000, 0x0000000710500000, 0x0000000710600000|  0%| F|  |TS  1|AC  0|TAMS 0x0000000710500000, 0x0000000710500000|
| 262|0x0000000710600000, 0x0000000710600000, 0x0000000710700000|  0%| F|  |TS  1|AC  0|TAMS 0x0000000710600000, 0x0000000710600000|
| 263|0x0000000710700000, 0x0000000710700000, 0x0000000710800000|  0%| F|  |TS  1|AC  0|TAMS 0x0000000710700000, 0x0000000710700000|
| 264|0x0000000710800000, 0x0000000710800000, 0x0000000710900000|  0%| F|  |TS  1|AC  0|TAMS 0x0000000710800000, 0x0000000710800000|
| 265|0x0000000710900000, 0x000000071090a7c8, 0x0000000710a00000|  4%| E|  |TS  1|AC  0|TAMS 0x0000000710900000, 0x0000000710900000|
| 266|0x0000000710a00000, 0x0000000710b00000, 0x0000000710b00000|100%| E|CS|TS  1|AC  0|TAMS 0x0000000710a00000, 0x0000000710a00000|
| 267|0x0000000710b00000, 0x0000000710c00000, 0x0000000710c00000|100%| E|CS|TS  1|AC  0|TAMS 0x0000000710b00000, 0x0000000710b00000|
| 268|0x0000000710c00000, 0x0000000710d00000, 0x0000000710d00000|100%| E|CS|TS  1|AC  0|TAMS 0x0000000710c00000, 0x0000000710c00000|
| 269|0x0000000710d00000, 0x0000000710e00000, 0x0000000710e00000|100%| E|CS|TS  1|AC  0|TAMS 0x0000000710d00000, 0x0000000710d00000|
| 270|0x0000000710e00000, 0x0000000710f00000, 0x0000000710f00000|100%| E|CS|TS  1|AC  0|TAMS 0x0000000710e00000, 0x0000000710e00000|
| 271|0x0000000710f00000, 0x0000000711000000, 0x0000000711000000|100%| E|CS|TS  1|AC  0|TAMS 0x0000000710f00000, 0x0000000710f00000|
| 272|0x0000000711000000, 0x0000000711100000, 0x0000000711100000|100%| E|CS|TS  1|AC  0|TAMS 0x0000000711000000, 0x0000000711000000|
| 273|0x0000000711100000, 0x0000000711200000, 0x0000000711200000|100%| E|CS|TS  1|AC  0|TAMS 0x0000000711100000, 0x0000000711100000|
| 274|0x0000000711200000, 0x0000000711300000, 0x0000000711300000|100%| E|CS|TS  1|AC  0|TAMS 0x0000000711200000, 0x0000000711200000|
| 275|0x0000000711300000, 0x0000000711400000, 0x0000000711400000|100%| E|CS|TS  1|AC  0|TAMS 0x0000000711300000, 0x0000000711300000|
| 276|0x0000000711400000, 0x0000000711500000, 0x0000000711500000|100%| E|CS|TS  1|AC  0|TAMS 0x0000000711400000, 0x0000000711400000|
| 277|0x0000000711500000, 0x0000000711600000, 0x0000000711600000|100%| E|CS|TS  1|AC  0|TAMS 0x0000000711500000, 0x0000000711500000|
| 278|0x0000000711600000, 0x0000000711700000, 0x0000000711700000|100%| E|CS|TS  1|AC  0|TAMS 0x0000000711600000, 0x0000000711600000|
| 279|0x0000000711700000, 0x0000000711800000, 0x0000000711800000|100%| E|CS|TS  1|AC  0|TAMS 0x0000000711700000, 0x0000000711700000|
| 280|0x0000000711800000, 0x0000000711900000, 0x0000000711900000|100%| E|CS|TS  1|AC  0|TAMS 0x0000000711800000, 0x0000000711800000|
| 281|0x0000000711900000, 0x0000000711a00000, 0x0000000711a00000|100%| E|CS|TS  1|AC  0|TAMS 0x0000000711900000, 0x0000000711900000|
| 282|0x0000000711a00000, 0x0000000711b00000, 0x0000000711b00000|100%| E|CS|TS  1|AC  0|TAMS 0x0000000711a00000, 0x0000000711a00000|
| 283|0x0000000711b00000, 0x0000000711c00000, 0x0000000711c00000|100%| E|CS|TS  1|AC  0|TAMS 0x0000000711b00000, 0x0000000711b00000|
| 284|0x0000000711c00000, 0x0000000711d00000, 0x0000000711d00000|100%| E|CS|TS  1|AC  0|TAMS 0x0000000711c00000, 0x0000000711c00000|
| 285|0x0000000711d00000, 0x0000000711e00000, 0x0000000711e00000|100%| E|CS|TS  1|AC  0|TAMS 0x0000000711d00000, 0x0000000711d00000|
| 286|0x0000000711e00000, 0x0000000711f00000, 0x0000000711f00000|100%| E|CS|TS  1|AC  0|TAMS 0x0000000711e00000, 0x0000000711e00000|

Card table byte_map: [0x000001f2dbfb0000,0x000001f2dc5b0000] byte_map_base: 0x000001f2d87b0000

Marking Bits (Prev, Next): (CMBitMap*) 0x000001f2e1f3c8c0, (CMBitMap*) 0x000001f2e1f3c8f8
 Prev Bits: [0x000001f2e32e0000, 0x000001f2e62e0000)
 Next Bits: [0x000001f2e62e0000, 0x000001f2e92e0000)

Polling page: 0x000001f2c0710000

CodeHeap 'non-profiled nmethods': size=120000Kb used=15018Kb max_used=15018Kb free=104981Kb
 bounds [0x000001f2d3c60000, 0x000001f2d4b10000, 0x000001f2db190000]
CodeHeap 'profiled nmethods': size=120000Kb used=38213Kb max_used=39801Kb free=81786Kb
 bounds [0x000001f2cc730000, 0x000001f2cee60000, 0x000001f2d3c60000]
CodeHeap 'non-nmethods': size=5760Kb used=1775Kb max_used=1829Kb free=3984Kb
 bounds [0x000001f2cc190000, 0x000001f2cc400000, 0x000001f2cc730000]
 total_blobs=23777 nmethods=14415 adapters=1108
 compilation: enabled

Compilation events (10 events):
Event: 66.504 Thread 0x000001f2fef15800 nmethod 16947 0x000001f2cd55d090 code [0x000001f2cd55d740, 0x000001f2cd561980]
Event: 66.504 Thread 0x000001f2fef15800 16948       3       javax.swing.JProgressBar::getValue (10 bytes)
Event: 66.504 Thread 0x000001f2fef15800 nmethod 16948 0x000001f2cccb3810 code [0x000001f2cccb39c0, 0x000001f2cccb3bb8]
Event: 66.504 Thread 0x000001f2fef15800 16949       3       de.javasoft.plaf.synthetica.painter.SyntheticaPainter::paintProgressBarForeground (19 bytes)
Event: 66.504 Thread 0x000001f2fef15800 nmethod 16949 0x000001f2ccd62e90 code [0x000001f2ccd63060, 0x000001f2ccd63280]
Event: 66.504 Thread 0x000001f2fef15800 16950       3       de.javasoft.plaf.synthetica.painter.ProgressBarPainter::paintProgressBarForeground (615 bytes)
Event: 66.509 Thread 0x000001f2fef15800 nmethod 16950 0x000001f2cd7dec90 code [0x000001f2cd7df4c0, 0x000001f2cd7e4c10]
Event: 66.509 Thread 0x000001f2fef15800 16951       3       javax.swing.JProgressBar::paintBorder (13 bytes)
Event: 66.509 Thread 0x000001f2fef15800 nmethod 16951 0x000001f2cce77d10 code [0x000001f2cce77ee0, 0x000001f2cce784b0]
Event: 66.996 Thread 0x000001f2fef15800 16952       3       ui.views.waveform.executive.protobuf.WVPrefs$WVColorPrefs::getColoredObjects (14 bytes)

GC Heap History (10 events):
Event: 60.817 GC heap before
{Heap before GC invocations=59 (full 3):
 garbage-first heap   total 227328K, used 148491K [0x0000000700000000, 0x00000007001006f0, 0x00000007c0000000)
  region size 1024K, 52 young (53248K), 0 survivors (0K)
 Metaspace       used 84107K, capacity 89705K, committed 89980K, reserved 1126400K
  class space    used 12407K, capacity 13392K, committed 13436K, reserved 1048576K
}
Event: 60.826 GC heap after
{Heap after GC invocations=60 (full 3):
 garbage-first heap   total 227328K, used 99648K [0x0000000700000000, 0x00000007001006f0, 0x00000007c0000000)
  region size 1024K, 4 young (4096K), 4 survivors (4096K)
 Metaspace       used 84107K, capacity 89705K, committed 89980K, reserved 1126400K
  class space    used 12407K, capacity 13392K, committed 13436K, reserved 1048576K
}
Event: 62.987 GC heap before
{Heap before GC invocations=61 (full 3):
 garbage-first heap   total 227328K, used 164160K [0x0000000700000000, 0x00000007001006f0, 0x00000007c0000000)
  region size 1024K, 60 young (61440K), 4 survivors (4096K)
 Metaspace       used 84185K, capacity 89799K, committed 89980K, reserved 1126400K
  class space    used 12416K, capacity 13397K, committed 13436K, reserved 1048576K
}
Event: 62.995 GC heap after
{Heap after GC invocations=62 (full 3):
 garbage-first heap   total 391168K, used 90085K [0x0000000700000000, 0x0000000700100bf0, 0x00000007c0000000)
  region size 1024K, 2 young (2048K), 2 survivors (2048K)
 Metaspace       used 84185K, capacity 89799K, committed 89980K, reserved 1126400K
  class space    used 12416K, capacity 13397K, committed 13436K, reserved 1048576K
}
Event: 63.447 GC heap before
{Heap before GC invocations=62 (full 3):
 garbage-first heap   total 391168K, used 151525K [0x0000000700000000, 0x0000000700100bf0, 0x00000007c0000000)
  region size 1024K, 60 young (61440K), 2 survivors (2048K)
 Metaspace       used 84215K, capacity 89799K, committed 89980K, reserved 1126400K
  class space    used 12416K, capacity 13397K, committed 13436K, reserved 1048576K
}
Event: 63.452 GC heap after
{Heap after GC invocations=63 (full 3):
 garbage-first heap   total 391168K, used 88191K [0x0000000700000000, 0x0000000700100bf0, 0x00000007c0000000)
  region size 1024K, 3 young (3072K), 3 survivors (3072K)
 Metaspace       used 84215K, capacity 89799K, committed 89980K, reserved 1126400K
  class space    used 12416K, capacity 13397K, committed 13436K, reserved 1048576K
}
Event: 63.635 GC heap before
{Heap before GC invocations=63 (full 3):
 garbage-first heap   total 391168K, used 104575K [0x0000000700000000, 0x0000000700100bf0, 0x00000007c0000000)
  region size 1024K, 18 young (18432K), 3 survivors (3072K)
 Metaspace       used 84259K, capacity 89863K, committed 89980K, reserved 1126400K
  class space    used 12421K, capacity 13397K, committed 13436K, reserved 1048576K
}
Event: 63.910 GC heap after
{Heap after GC invocations=64 (full 4):
 garbage-first heap   total 293888K, used 87895K [0x0000000700000000, 0x00000007001008f8, 0x00000007c0000000)
  region size 1024K, 0 young (0K), 0 survivors (0K)
 Metaspace       used 84259K, capacity 89863K, committed 89980K, reserved 1126400K
  class space    used 12421K, capacity 13397K, committed 13436K, reserved 1048576K
}
Event: 64.959 GC heap before
{Heap before GC invocations=64 (full 4):
 garbage-first heap   total 293888K, used 151383K [0x0000000700000000, 0x00000007001008f8, 0x00000007c0000000)
  region size 1024K, 60 young (61440K), 0 survivors (0K)
 Metaspace       used 84304K, capacity 89863K, committed 89980K, reserved 1126400K
  class space    used 12422K, capacity 13397K, committed 13436K, reserved 1048576K
}
Event: 64.961 GC heap after
{Heap after GC invocations=65 (full 4):
 garbage-first heap   total 293888K, used 90605K [0x0000000700000000, 0x00000007001008f8, 0x00000007c0000000)
  region size 1024K, 1 young (1024K), 1 survivors (1024K)
 Metaspace       used 84304K, capacity 89863K, committed 89980K, reserved 1126400K
  class space    used 12422K, capacity 13397K, committed 13436K, reserved 1048576K
}

Deoptimization events (10 events):
Event: 61.750 Thread 0x000001f2f09d7800 Uncommon trap: reason=unstable_if action=reinterpret pc=0x000001f2d46c0b6c method=javax.swing.text.html.parser.Parser.parseContent()V @ 296 c2
Event: 61.750 Thread 0x000001f2f09d7800 Uncommon trap: reason=unstable_if action=reinterpret pc=0x000001f2d3ceeff4 method=java.util.Objects.equals(Ljava/lang/Object;Ljava/lang/Object;)Z @ 6 c2
Event: 61.753 Thread 0x000001f2f09d7800 Uncommon trap: reason=class_check action=maybe_recompile pc=0x000001f2d455e5c4 method=de.javasoft.plaf.synthetica.SyntheticaLookAndFeel.getStyleName(Ljava/awt/Component;)Ljava/lang/String; @ 78 c2
Event: 61.753 Thread 0x000001f2f09d7800 Uncommon trap: reason=class_check action=maybe_recompile pc=0x000001f2d455e5c4 method=de.javasoft.plaf.synthetica.SyntheticaLookAndFeel.getStyleName(Ljava/awt/Component;)Ljava/lang/String; @ 78 c2
Event: 61.769 Thread 0x000001f2f09d7800 Uncommon trap: reason=bimorphic_or_optimized_type_check action=maybe_recompile pc=0x000001f2d48d1e3c method=java.awt.Component.getGraphics()Ljava/awt/Graphics; @ 114 c2
Event: 63.191 Thread 0x000001f2f09d7800 Uncommon trap: reason=range_check action=make_not_entrant pc=0x000001f2d411bee4 method=java.awt.geom.AffineTransform.<init>([D)V @ 7 c2
Event: 63.556 Thread 0x000001f2f09d7800 Uncommon trap: reason=unstable_if action=reinterpret pc=0x000001f2d41eaa20 method=de.javasoft.plaf.synthetica.painter.AnimationThreadFactory$AnimationThread.getImagePath(Ljavax/swing/JComponent;Ljava/lang/String;)Ljava/lang/String; @ 49 c2
Event: 65.544 Thread 0x000001f2f09d7800 Uncommon trap: reason=bimorphic_or_optimized_type_check action=maybe_recompile pc=0x000001f2d484d0f8 method=java.awt.DefaultKeyboardFocusManager.dispatchEvent(Ljava/awt/AWTEvent;)Z @ 1467 c2
Event: 65.580 Thread 0x000001f2f09d7800 Uncommon trap: reason=unstable_if action=reinterpret pc=0x000001f2d417b644 method=javax.swing.AbstractButton.setEnabled(Z)V @ 13 c2
Event: 65.911 Thread 0x000001f2f09d7800 Uncommon trap: reason=class_check action=maybe_recompile pc=0x000001f2d475e7e4 method=sun.awt.GlobalCursorManager._updateCursor(Z)V @ 47 c2

Classes redefined (0 events):
No events

Internal exceptions (10 events):
Event: 51.821 Thread 0x000001f2f09d7800 Exception <a 'java/lang/NoSuchMethodError'{0x000000070bfba988}: method resolution failed> (0x000000070bfba988) thrown at [t:/workspace/hotspot/src/share/vm/prims/methodHandles.cpp, line 1256]
Event: 51.822 Thread 0x000001f2f09d7800 Exception <a 'java/lang/NoSuchMethodError'{0x000000070bfde1e0}: method resolution failed> (0x000000070bfde1e0) thrown at [t:/workspace/hotspot/src/share/vm/prims/methodHandles.cpp, line 1256]
Event: 51.823 Thread 0x000001f2f09d7800 Exception <a 'java/lang/NoSuchMethodError'{0x000000070bfee568}: method resolution failed> (0x000000070bfee568) thrown at [t:/workspace/hotspot/src/share/vm/prims/methodHandles.cpp, line 1256]
Event: 51.823 Thread 0x000001f2f09d7800 Exception <a 'java/lang/NoSuchMethodError'{0x000000070bff3928}: java.lang.invoke.DelegatingMethodHandle$Holder.reinvoke_L(Ljava/lang/Object;Ljava/lang/Object;Ljava/lang/Object;Ljava/lang/Object;Ljava/lang/Object;IILjava/lang/Object;Ljava/lang/Object;IILja
Event: 53.702 Thread 0x000001f2f09d7800 Implicit null exception at 0x000001f2d46f9f90 to 0x000001f2d46f9ff4
Event: 55.293 Thread 0x000001f284c5f800 Exception <a 'java/lang/NoSuchMethodError'{0x000000070ddb86c8}: java.lang.invoke.DirectMethodHandle$Holder.invokeStatic(Ljava/lang/Object;J)V> (0x000000070ddb86c8) thrown at [t:/workspace/hotspot/src/share/vm/interpreter/linkResolver.cpp, line 731]
Event: 55.296 Thread 0x000001f284c5f800 Exception <a 'java/lang/NoSuchMethodError'{0x000000070ddc00d0}: java.lang.invoke.DirectMethodHandle$Holder.invokeStatic(Ljava/lang/Object;Ljava/lang/Object;JLjava/lang/Object;)Ljava/lang/Object;> (0x000000070ddc00d0) thrown at [t:/workspace/hotspot/src/sh
Event: 55.297 Thread 0x000001f284c5f800 Exception <a 'java/lang/NoSuchMethodError'{0x000000070ddc3328}: java.lang.invoke.DirectMethodHandle$Holder.invokeStaticInit(Ljava/lang/Object;Ljava/lang/Object;JLjava/lang/Object;)Ljava/lang/Object;> (0x000000070ddc3328) thrown at [t:/workspace/hotspot/sr
Event: 59.588 Thread 0x000001f2f09d7800 Implicit null exception at 0x000001f2d460df8b to 0x000001f2d460e751
Event: 59.623 Thread 0x000001f2f09d7800 Implicit null exception at 0x000001f2d4367eef to 0x000001f2d4368149

Events (10 events):
Event: 65.580 Thread 0x000001f2f09d7800 DEOPT UNPACKING pc=0x000001f2cc1ddf29 sp=0x0000008f50cf6950 mode 2
Event: 65.911 Thread 0x000001f2f09d7800 Uncommon trap: trap_request=0xffffffde fr.pc=0x000001f2d475e7e4 relative=0x0000000000002904
Event: 65.911 Thread 0x000001f2f09d7800 DEOPT PACKING pc=0x000001f2d475e7e4 sp=0x0000008f50cf5a10
Event: 65.911 Thread 0x000001f2f09d7800 DEOPT UNPACKING pc=0x000001f2cc1ddf29 sp=0x0000008f50cf5830 mode 2
Event: 65.914 Thread 0x000001f284c6b800 Thread added: 0x000001f284c6b800
Event: 65.919 Thread 0x000001f284c6b800 Thread exited: 0x000001f284c6b800
Event: 65.919 Executing VM operation: BulkRevokeBias
Event: 65.919 Executing VM operation: BulkRevokeBias done
Event: 66.914 Thread 0x000001f284c6e800 Thread added: 0x000001f284c6e800
Event: 66.933 Thread 0x000001f284c6e800 Thread exited: 0x000001f284c6e800


Dynamic libraries:
0x00007ff619bf0000 - 0x00007ff619c20000 	C:\20201\Vivado\2020.1\bin\unwrapped\win64.o\vivado.exe
0x00007ffa48530000 - 0x00007ffa48744000 	C:\WINDOWS\SYSTEM32\ntdll.dll
0x00007ffa47770000 - 0x00007ffa47832000 	C:\WINDOWS\System32\KERNEL32.DLL
0x00007ffa45b60000 - 0x00007ffa45f03000 	C:\WINDOWS\System32\KERNELBASE.dll
0x00007ffa45930000 - 0x00007ffa45a41000 	C:\WINDOWS\System32\ucrtbase.dll
0x00007ffa2dfc0000 - 0x00007ffa2e04e000 	C:\WINDOWS\SYSTEM32\MSVCP140.dll
0x00007ff9d3740000 - 0x00007ff9d4806000 	C:\20201\Vivado\2020.1\lib\win64.o\librdi_common.dll
0x00007ffa29a30000 - 0x00007ffa29a4a000 	C:\20201\Vivado\2020.1\lib\win64.o\librdi_commonmain.dll
0x00007ffa3cd60000 - 0x00007ffa3cd74000 	C:\20201\Vivado\2020.1\lib\win64.o\libboost_signals.dll
0x00007ffa2dfa0000 - 0x00007ffa2dfbb000 	C:\WINDOWS\SYSTEM32\VCRUNTIME140.dll
0x00007ffa482e0000 - 0x00007ffa4848b000 	C:\WINDOWS\System32\USER32.dll
0x00007ffa2df90000 - 0x00007ffa2df9c000 	C:\WINDOWS\SYSTEM32\VCRUNTIME140_1.dll
0x00007ffa460b0000 - 0x00007ffa460d6000 	C:\WINDOWS\System32\win32u.dll
0x00007ffa24110000 - 0x00007ffa24136000 	C:\20201\Vivado\2020.1\lib\win64.o\libboost_filesystem.dll
0x00007ffa47440000 - 0x00007ffa47469000 	C:\WINDOWS\System32\GDI32.dll
0x00007ffa3ece0000 - 0x00007ffa3ecea000 	C:\20201\Vivado\2020.1\lib\win64.o\librdi_commonversion.dll
0x00007ffa46310000 - 0x00007ffa463be000 	C:\WINDOWS\System32\ADVAPI32.dll
0x00007ffa1b450000 - 0x00007ffa1b5f1000 	C:\20201\Vivado\2020.1\lib\win64.o\librdi_commonxillic.dll
0x00007ffa45f90000 - 0x00007ffa460a9000 	C:\WINDOWS\System32\gdi32full.dll
0x00007ffa46820000 - 0x00007ffa468c7000 	C:\WINDOWS\System32\msvcrt.dll
0x00007ffa48240000 - 0x00007ffa482b1000 	C:\WINDOWS\System32\WS2_32.dll
0x00007ffa45a50000 - 0x00007ffa45aea000 	C:\WINDOWS\System32\msvcp_win.dll
0x00007ffa48130000 - 0x00007ffa481d4000 	C:\WINDOWS\System32\sechost.dll
0x00007ffa48000000 - 0x00007ffa48117000 	C:\WINDOWS\System32\RPCRT4.dll
0x0000000055540000 - 0x000000005566b000 	C:\20201\Vivado\2020.1\lib\win64.o\tcl85t.dll
0x00007ffa46a90000 - 0x00007ffa4728a000 	C:\WINDOWS\System32\SHELL32.dll
0x00007ff9d33d0000 - 0x00007ff9d373e000 	C:\20201\Vivado\2020.1\lib\win64.o\libCOIN-all.dll
0x00007ffa1f510000 - 0x00007ffa1f524000 	C:\20201\Vivado\2020.1\lib\win64.o\libboost_date_time.dll
0x00007ffa1f490000 - 0x00007ffa1f50f000 	C:\20201\Vivado\2020.1\lib\win64.o\libboost_program_options.dll
0x00007ff9d7000000 - 0x00007ff9d7114000 	C:\20201\Vivado\2020.1\lib\win64.o\libboost_regex.dll
0x00007ffa24100000 - 0x00007ffa2410b000 	C:\20201\Vivado\2020.1\lib\win64.o\libboost_system.dll
0x00007ffa1b850000 - 0x00007ffa1b871000 	C:\20201\Vivado\2020.1\lib\win64.o\libboost_thread.dll
0x00007ffa1f430000 - 0x00007ffa1f43f000 	C:\20201\Vivado\2020.1\lib\win64.o\libboost_xilinx.dll
0x00007ffa0e370000 - 0x00007ffa0e3f2000 	C:\20201\Vivado\2020.1\lib\win64.o\libhdlpsolve.dll
0x00007ff9f66b0000 - 0x00007ff9f6755000 	C:\20201\Vivado\2020.1\lib\win64.o\libhdxml.dll
0x00007ff9d2710000 - 0x00007ff9d33c5a00 	C:\20201\Vivado\2020.1\lib\win64.o\libisl_iostreams.dll
0x00007ffa1b820000 - 0x00007ffa1b84e000 	C:\20201\Vivado\2020.1\lib\win64.o\libisl_sysinfo.dll
0x00007ff9dcda0000 - 0x00007ff9dce05000 	C:\20201\Vivado\2020.1\lib\win64.o\liblmx6.0.dll
0x00007ffa06810000 - 0x00007ffa0682a000 	C:\20201\Vivado\2020.1\lib\win64.o\pthreadVC2.dll
0x00007ffa073a0000 - 0x00007ffa073bc000 	C:\20201\Vivado\2020.1\lib\win64.o\librdiconfig.dll
0x00007ff9fc5b0000 - 0x00007ff9fc5d1000 	C:\20201\Vivado\2020.1\lib\win64.o\librdizlib.dll
0x0000000012000000 - 0x0000000012270000 	C:\20201\Vivado\2020.1\lib\win64.o\xerces-c_3_1.dll
0x00007ff9d2430000 - 0x00007ff9d270b000 	C:\20201\Vivado\2020.1\lib\win64.o\libXil_lmgr11.dll
0x00007ffa47840000 - 0x00007ffa47937000 	C:\WINDOWS\System32\COMDLG32.dll
0x00007ffa463c0000 - 0x00007ffa46749000 	C:\WINDOWS\System32\combase.dll
0x00007ffa3f2f0000 - 0x00007ffa3f309000 	C:\WINDOWS\SYSTEM32\NETAPI32.dll
0x00007ffa30de0000 - 0x00007ffa312d4000 	C:\WINDOWS\SYSTEM32\WININET.dll
0x00007ffa3d680000 - 0x00007ffa3d7b7000 	C:\WINDOWS\SYSTEM32\WINHTTP.dll
0x00007ffa47ee0000 - 0x00007ffa47fd1000 	C:\WINDOWS\System32\shcore.dll
0x00007ffa31ce0000 - 0x00007ffa31ecf000 	C:\WINDOWS\SYSTEM32\urlmon.dll
0x00007ffa481e0000 - 0x00007ffa4823e000 	C:\WINDOWS\System32\SHLWAPI.dll
0x00007ffa452e0000 - 0x00007ffa45308000 	C:\WINDOWS\SYSTEM32\bcrypt.dll
0x00007ffa474a0000 - 0x00007ffa47577000 	C:\WINDOWS\System32\OLEAUT32.dll
0x00007ffa154d0000 - 0x00007ffa154d9000 	C:\WINDOWS\SYSTEM32\WSOCK32.dll
0x00007ffa47580000 - 0x00007ffa4771c000 	C:\WINDOWS\System32\ole32.dll
0x00007ff9f4aa0000 - 0x00007ff9f4ad1000 	C:\WINDOWS\SYSTEM32\VCOMP140.DLL
0x00007ff9d1590000 - 0x00007ff9d2421000 	C:\20201\Vivado\2020.1\lib\win64.o\gurobi65.dll
0x00007ffa45af0000 - 0x00007ffa45b5b000 	C:\WINDOWS\System32\WINTRUST.dll
0x00007ffa461a0000 - 0x00007ffa46307000 	C:\WINDOWS\System32\CRYPT32.dll
0x00007ffa1f420000 - 0x00007ffa1f42d000 	C:\20201\Vivado\2020.1\lib\win64.o\libboost_chrono.dll
0x00007ff9f4540000 - 0x00007ff9f4565000 	C:\20201\Vivado\2020.1\lib\win64.o\libisl_iosutils.dll
0x00007ff9ffb90000 - 0x00007ff9ffbab000 	C:\20201\Vivado\2020.1\lib\win64.o\libboost_iostreams.dll
0x00007ffa30b20000 - 0x00007ffa30dd1000 	C:\WINDOWS\SYSTEM32\iertutil.dll
0x00007ffa443d0000 - 0x00007ffa443dc000 	C:\WINDOWS\SYSTEM32\netutils.dll
0x00007ffa36200000 - 0x00007ffa36228000 	C:\WINDOWS\SYSTEM32\srvcli.dll
0x00007ffa2ecd0000 - 0x00007ffa2ed83000 	C:\WINDOWS\WinSxS\amd64_microsoft.windows.common-controls_6595b64144ccf1df_5.82.22621.608_none_fb280a3c7926c2cc\COMCTL32.dll
0x00007ffa3d400000 - 0x00007ffa3d41f000 	C:\WINDOWS\SYSTEM32\dhcpcsvc.DLL
0x00007ffa44e10000 - 0x00007ffa44e79000 	C:\WINDOWS\SYSTEM32\MSWSOCK.DLL
0x00007ffa467e0000 - 0x00007ffa46811000 	C:\WINDOWS\System32\IMM32.DLL
0x00007ffa455d0000 - 0x00007ffa455e2000 	C:\WINDOWS\SYSTEM32\MSASN1.dll
0x00007ffa44940000 - 0x00007ffa44958000 	C:\WINDOWS\SYSTEM32\kernel.appcore.dll
0x00007ff9cc5f0000 - 0x00007ff9ccaec000 	C:\20201\Vivado\2020.1\lib\win64.o\librdi_commontasks.dll
0x00007ffa35010000 - 0x00007ffa3501a000 	C:\WINDOWS\SYSTEM32\VERSION.dll
0x00007ff9cc300000 - 0x00007ff9cc5e4000 	C:\20201\Vivado\2020.1\lib\win64.o\librdi_sio.dll
0x0000000053800000 - 0x0000000054225000 	C:\20201\Vivado\2020.1\tps\win64\jre9.0.4\bin\server\jvm.dll
0x00007ffa47470000 - 0x00007ffa47478000 	C:\WINDOWS\System32\PSAPI.DLL
0x00007ffa44450000 - 0x00007ffa4447d000 	C:\WINDOWS\SYSTEM32\IPHLPAPI.DLL
0x00007ffa3da90000 - 0x00007ffa3dac4000 	C:\WINDOWS\SYSTEM32\WINMM.dll
0x00007ff9f4570000 - 0x00007ff9f465f000 	C:\WINDOWS\SYSTEM32\MSVCR120.dll
0x00007ffa438e0000 - 0x00007ffa441ae000 	C:\WINDOWS\SYSTEM32\windows.storage.dll
0x00007ffa437a0000 - 0x00007ffa438de000 	C:\WINDOWS\SYSTEM32\wintypes.dll
0x00007ff9c7d20000 - 0x00007ff9ca3b5000 	C:\20201\Vivado\2020.1\lib\win64.o\librdi_tcltasks.dll
0x00007ff9c7690000 - 0x00007ff9c7b56000 	C:\20201\Vivado\2020.1\lib\win64.o\librdi_bitstream.dll
0x00007ff9c7b60000 - 0x00007ff9c7d13000 	C:\20201\Vivado\2020.1\lib\win64.o\librdi_board.dll
0x00007ff9d77a0000 - 0x00007ff9d781b000 	C:\20201\Vivado\2020.1\lib\win64.o\librdi_boarddep.dll
0x00007ff9c7590000 - 0x00007ff9c7686000 	C:\20201\Vivado\2020.1\lib\win64.o\librdi_chipscope.dll
0x00007ff9c73c0000 - 0x00007ff9c7581000 	C:\20201\Vivado\2020.1\lib\win64.o\librdi_chipscopeimpl.dll
0x00007ff9c5790000 - 0x00007ff9c73ba000 	C:\20201\Vivado\2020.1\lib\win64.o\librdi_constraints.dll
0x00007ff9c5630000 - 0x00007ff9c578b000 	C:\20201\Vivado\2020.1\lib\win64.o\librdi_containers.dll
0x00007ff9c34c0000 - 0x00007ff9c562d000 	C:\20201\Vivado\2020.1\lib\win64.o\librdi_coregen.dll
0x00007ff9c2de0000 - 0x00007ff9c34b9000 	C:\20201\Vivado\2020.1\lib\win64.o\librdi_coregenipxact.dll
0x00007ff9beab0000 - 0x00007ff9c2dde000 	C:\20201\Vivado\2020.1\lib\win64.o\librdi_designutils.dll
0x00007ff9a6890000 - 0x00007ff9a6bdb000 	C:\20201\Vivado\2020.1\lib\win64.o\librdi_dlyest.dll
0x00007ff9a6be0000 - 0x00007ff9beab0000 	C:\20201\Vivado\2020.1\lib\win64.o\librdi_device.dll
0x00007ff9a61a0000 - 0x00007ff9a6264000 	C:\20201\Vivado\2020.1\lib\win64.o\librdi_dsp.dll
0x00007ff9a6270000 - 0x00007ff9a688e000 	C:\20201\Vivado\2020.1\lib\win64.o\librdi_drc.dll
0x00007ff9a5b10000 - 0x00007ff9a6196000 	C:\20201\Vivado\2020.1\lib\win64.o\librdi_filemgmt.dll
0x00007ff9a57f0000 - 0x00007ff9a5b0c000 	C:\20201\Vivado\2020.1\lib\win64.o\librdi_guitools.dll
0x00007ff9a5770000 - 0x00007ff9a57e7000 	C:\20201\Vivado\2020.1\lib\win64.o\librdi_hdf.dll
0x00007ff9a5510000 - 0x00007ff9a5765000 	C:\20201\Vivado\2020.1\lib\win64.o\librdi_hip_devdesign.dll
0x00007ff9a53c0000 - 0x00007ff9a5508000 	C:\20201\Vivado\2020.1\lib\win64.o\librdi_hip_perf_analysis.dll
0x00007ff9a33b0000 - 0x00007ff9a3424000 	C:\20201\Vivado\2020.1\lib\win64.o\librdi_memoryarray.dll
0x00007ff9a3430000 - 0x00007ff9a3a6e000 	C:\20201\Vivado\2020.1\lib\win64.o\librdi_memdata.dll
0x00007ff9a3a70000 - 0x00007ff9a53ba000 	C:\20201\Vivado\2020.1\lib\win64.o\librdi_implflow.dll
0x00007ff9a0530000 - 0x00007ff9a33a7000 	C:\20201\Vivado\2020.1\lib\win64.o\librdi_mig.dll
0x00007ff99fe20000 - 0x00007ff9a0523000 	C:\20201\Vivado\2020.1\lib\win64.o\librdi_netlist.dll
0x00007ff99d2a0000 - 0x00007ff99fe11000 	C:\20201\Vivado\2020.1\lib\win64.o\librdi_place.dll
0x00007ff9f0ff0000 - 0x00007ff9f103e000 	C:\20201\Vivado\2020.1\lib\win64.o\librdi_pfi.dll
0x00007ff99c700000 - 0x00007ff99cf34000 	C:\20201\Vivado\2020.1\lib\win64.o\librdi_power.dll
0x00007ff99cf40000 - 0x00007ff99d291000 	C:\20201\Vivado\2020.1\lib\win64.o\librdi_platform.dll
0x00007ff99c100000 - 0x00007ff99c6f5000 	C:\20201\Vivado\2020.1\lib\win64.o\librdi_project.dll
0x00007ff99b9c0000 - 0x00007ff99c0fc000 	C:\20201\Vivado\2020.1\lib\win64.o\librdi_psta.dll
0x00007ff99b250000 - 0x00007ff99b9bf000 	C:\20201\Vivado\2020.1\lib\win64.o\librdi_rsb.dll
0x00007ff99adb0000 - 0x00007ff99b24a000 	C:\20201\Vivado\2020.1\lib\win64.o\librdi_runs.dll
0x00007ff99aca0000 - 0x00007ff99ada8000 	C:\20201\Vivado\2020.1\lib\win64.o\librdi_runsbase.dll
0x00007ff99aa20000 - 0x00007ff99ac95000 	C:\20201\Vivado\2020.1\lib\win64.o\librdi_simdata.dll
0x00007ff999a10000 - 0x00007ff999b0f000 	C:\20201\Vivado\2020.1\lib\win64.o\librdi_xhub.dll
0x00007ff999b10000 - 0x00007ff99aa1a000 	C:\20201\Vivado\2020.1\lib\win64.o\librdi_timing.dll
0x00007ff999960000 - 0x00007ff999a08000 	C:\20201\Vivado\2020.1\lib\win64.o\librdi_xhubtasks.dll
0x00007ff999780000 - 0x00007ff999953000 	C:\20201\Vivado\2020.1\lib\win64.o\librdi_advchipscopeimpl.dll
0x00007ff9d6fb0000 - 0x00007ff9d6ffc000 	C:\20201\Vivado\2020.1\lib\win64.o\libboost_serialization.dll
0x00007ff999690000 - 0x00007ff999778000 	C:\20201\Vivado\2020.1\lib\win64.o\librdi_ipconfig_readwrite.dll
0x00007ff999620000 - 0x00007ff99968c000 	C:\20201\Vivado\2020.1\lib\win64.o\librdi_noc_frameworks.dll
0x00007ff999530000 - 0x00007ff99957d000 	C:\20201\Vivado\2020.1\lib\win64.o\libboost_graph.dll
0x00007ff9994e0000 - 0x00007ff99952c000 	C:\20201\Vivado\2020.1\lib\win64.o\librdi_bva.dll
0x00007ff998990000 - 0x00007ff9994d7000 	C:\20201\Vivado\2020.1\lib\win64.o\libverific.dll
0x00007ff998790000 - 0x00007ff998983000 	C:\20201\Vivado\2020.1\lib\win64.o\librdi_hip_config.dll
0x00007ff998240000 - 0x00007ff99878e000 	C:\20201\Vivado\2020.1\lib\win64.o\librdi_xdm.dll

VM Arguments:
jvm_args: -Dsun.java2d.pmoffscreen=false -Dsun.java2d.xrender=false -Dsun.java2d.d3d=false -Dsun.awt.nopixfmt=true -Dsun.java2d.dpiaware=true -Dsun.java2d.uiScale.enabled=false -Xverify:none -Dswing.aatext=true -XX:-UsePerfData -Djdk.map.althashing.threshold=512 -XX:StringTableSize=4072 --add-opens=java.base/java.nio=ALL-UNNAMED --add-opens=java.desktop/sun.swing=ALL-UNNAMED --add-opens=java.desktop/javax.swing=ALL-UNNAMED --add-opens=java.desktop/javax.swing.tree=ALL-UNNAMED --add-opens=java.desktop/javax.swing.plaf.basic=ALL-UNNAMED --add-opens=java.desktop/javax.swing.plaf.synth=ALL-UNNAMED --add-opens=java.desktop/com.sun.awt=ALL-UNNAMED -XX:NewSize=60m -XX:MaxNewSize=60m -Xms128m -Xmx3072m -Xss5m 
java_command: <unknown>
java_class_path (initial): C:/20201/Vivado/2020.1\lib\classes\alloy.jar;C:/20201/Vivado/2020.1\lib\classes\ArchiveSummary.jar;C:/20201/Vivado/2020.1\lib\classes\autoesl-models.jar;C:/20201/Vivado/2020.1\lib\classes\autopilot.scelaborator.jar;C:/20201/Vivado/2020.1\lib\classes\autopilot.sourceprocessor.jar;C:/20201/Vivado/2020.1\lib\classes\autopilot.tbprocessor.jar;C:/20201/Vivado/2020.1\lib\classes\batik-anim.jar;C:/20201/Vivado/2020.1\lib\classes\batik-awt-util.jar;C:/20201/Vivado/2020.1\lib\classes\batik-bridge.jar;C:/20201/Vivado/2020.1\lib\classes\batik-codec.jar;C:/20201/Vivado/2020.1\lib\classes\batik-css.jar;C:/20201/Vivado/2020.1\lib\classes\batik-dom.jar;C:/20201/Vivado/2020.1\lib\classes\batik-ext.jar;C:/20201/Vivado/2020.1\lib\classes\batik-gui-util.jar;C:/20201/Vivado/2020.1\lib\classes\batik-gvt.jar;C:/20201/Vivado/2020.1\lib\classes\batik-parser.jar;C:/20201/Vivado/2020.1\lib\classes\batik-script.jar;C:/20201/Vivado/2020.1\lib\classes\batik-svg-dom.jar;C:/20201/Vivado/2020.1\lib\classes\batik-swing.jar;C:/20201/Vivado/2020.1\lib\classes\batik-transcoder.jar;C:/20201/Vivado/2020.1\lib\classes\batik-util.jar;C:/20201/Vivado/2020.1\lib\classes\batik-xml.jar;C:/20201/Vivado/2020.1\lib\classes\com.google.gson_2.8.2.v20180104-1110.jar;C:/20201/Vivado/2020.1\lib\classes\com.google.guava_27.1.0.v20190517-1946.jar;C:/20201/Vivado/2020.1\lib\classes\com.ibm.icu_4.4.2.v20110208.jar;C:/20201/Vivado/2020.1\lib\classes\com.sigasi.hdt.connection_4.8.0.202004151336.jar;C:/20201/Vivado/2020.1\lib\classes\com.sigasi.hdt.epl_4.8.0.202004151336.jar;C:/20201/Vivado/2020.1\lib\classes\com.sigasi.hdt.project_4.8.0.202004151336.jar;C:/20201/Vivado/2020.1\lib\classes\com.sigasi.hdt.readonlyfilesystem_4.8.0.202004151336.jar;C:/20201/Vivado/2020.1\lib\classes\com.sigasi.lcm_4.8.0.202004151336.jar;C:/20201/Vivado/2020.1\lib\classes\com.sigasi.sdk.client_4.8.0.202004151336.jar;C:/20201/Vivado/2020.1\lib\classes\com.xilinx.hls.services.jar;C:/20201/Vivado/2020.1\lib\classes\comm
Launcher Type: generic

Logging:
Log output configuration:
#0: stdout all=warning uptime,level,tags
#1: stderr all=off uptime,level,tags

Environment Variables:
PATH=C:/20201/Vivado/2020.1\gnuwin\bin;C:/20201/Vivado/2020.1\gnu\microblaze\nt\bin;C:/20201/Vivado/2020.1/bin;C:/20201/Vivado/2020.1/lib/win64.o;C:/20201/Vivado/2020.1/tps/win64/jre9.0.4/bin/server;C:/20201/Vivado/2020.1/tps/win64/jre9.0.4/bin;C:/20201/Vivado/2020.1/ids_lite/ISE/bin/nt64;C:/20201/Vivado/2020.1/ids_lite/ISE/lib/nt64;C:\ProgramData\NVIDIA Corporation\CUDA Samples\v10.1\common\lib\x64;C:\ProgramData\NVIDIA Corporation\CUDA Samples\v10.1\bin\win64;C:\Program Files\NVIDIA GPU Computing Toolkit\CUDA\v10.1\extras\CUPTI\lib64;C:\Program Files\NVIDIA GPU Computing Toolkit\CUDA\v10.1\include;C:\Program Files\NVIDIA GPU Computing Toolkit\CUDA\v10.1\bin;C:\Program Files\NVIDIA GPU Computing Toolkit\CUDA\v10.1\libnvvp;C:\Program Files\NVIDIA GPU Computing Toolkit\CUDA\v10.1\lib\x64;C:\Program Files\Java\jdk1.8.0_361\jre\bin;C:\Program Files\Java\jdk1.8.0_361\bin;C:\Program Files\PlasticSCM5\server;C:\Program Files\PlasticSCM5\client;C:\Program Files\Python310\Scripts\;C:\Program Files\Python310\;C:\Program Files (x86)\VMware\VMware Workstation\bin\;C:\Program Files\Common Files\Oracle\Java\javapath;C:\Program Files (x86)\Common Files\Oracle\Java\javapath;C:\Program Files (x86)\Common Files\Intel\Shared Libraries\redist\intel64\compiler;C:\Windows\system32;C:\Windows\System32\Wbem;C:\Windows\System32\WindowsPowerShell\v1.0\;C:\Windows\System32\OpenSSH\;C:\Program Files\Bandizip\;C:\Program Files\NVIDIA Corporation\NVIDIA NvDLISR;C:\Program Files\Git\cmd;C:\texlive\2021\bin\win32;C:\Program Files\mingw-w64\mingw64\bin;C:\Program Files\dotnet\;C:\Program Files\CMake\bin;C:\Program Files\Go\bin;C:\Program Files\Go;C:\ProgramData\chocolatey\bin;C:\Program Files\PostgreSQL\14\bin;C:\Program Files\nodejs\;C:\Program Files\Docker\Docker\resources\bin;C:\ProgramData\DockerDesktop\version-bin;C:\Users\ethereal\go\bin;C:\Program Files (x86)\WinMerge;C:\Program Files\MATLAB\R2021b\bin;C:\Program Files (x86)\NVIDIA Corporation\PhysX\Common;C:\WINDOWS;C:\Program Files\Pandoc\;D
USERNAME=ethereal
OS=Windows_NT
PROCESSOR_IDENTIFIER=Intel64 Family 6 Model 142 Stepping 12, GenuineIntel



---------------  S Y S T E M  ---------------

OS: Windows 10 , 64 bit Build 22621 (10.0.22621.1778)

CPU:total 8 (initial active 8) (4 cores per cpu, 2 threads per core) family 6 model 142 stepping 12, cmov, cx8, fxsr, mmx, sse, sse2, sse3, ssse3, sse4.1, sse4.2, popcnt, avx, avx2, aes, clmul, erms, 3dnowpref, lzcnt, ht, tsc, tscinvbit, bmi1, bmi2, adx, fma

Memory: 4k page, physical 16601588k(5230232k free), swap 66933236k(40907484k free)

vm_info: Java HotSpot(TM) 64-Bit Server VM (9.0.4+11) for windows-amd64 JRE (9.0.4+11), built on Dec 20 2017 02:18:54 by "mach5one" with MS VC++ 12.0 (VS2013)

END.
