Copyright 1986-2020 Xilinx, Inc. All Rights Reserved.
---------------------------------------------------------------------------------------------------
| Tool Version : Vivado v.2020.1 (win64) Build 2902540 Wed May 27 19:54:49 MDT 2020
| Date         : Tue Jul  4 14:54:54 2023
| Host         : DESKTOP-IT8J4BG running 64-bit major release  (build 9200)
| Command      : report_drc -file Top_drc_routed.rpt -pb Top_drc_routed.pb -rpx Top_drc_routed.rpx
| Design       : Top
| Device       : xc7a100tcsg324-3
| Speed File   : -3
| Design State : Fully Routed
---------------------------------------------------------------------------------------------------

Report DRC

Table of Contents
-----------------
1. REPORT SUMMARY
2. REPORT DETAILS

1. REPORT SUMMARY
-----------------
            Netlist: netlist
          Floorplan: design_1
      Design limits: <entire design considered>
           Ruledeck: default
             Max violations: <unlimited>
             Violations found: 3
+-------------+----------+-------------------------------------------------------------+------------+
| Rule        | Severity | Description                                                 | Violations |
+-------------+----------+-------------------------------------------------------------+------------+
| CFGBVS-1    | Warning  | Missing CFGBVS and CONFIG_VOLTAGE Design Properties         | 1          |
| PDRC-153    | Warning  | Gated clock check                                           | 1          |
| PLHOLDVIO-2 | Warning  | Non-Optimal connections which could lead to hold violations | 1          |
+-------------+----------+-------------------------------------------------------------+------------+

2. REPORT DETAILS
-----------------
CFGBVS-1#1 Warning
Missing CFGBVS and CONFIG_VOLTAGE Design Properties  
Neither the CFGBVS nor CONFIG_VOLTAGE voltage property is set in the current_design.  Configuration bank voltage select (CFGBVS) must be set to VCCO or GND, and CONFIG_VOLTAGE must be set to the correct configuration voltage, in order to determine the I/O voltage support for the pins in bank 0.  It is suggested to specify these either using the 'Edit Device Properties' function in the GUI or directly in the XDC file using the following syntax:

 set_property CFGBVS value1 [current_design]
 #where value1 is either VCCO or GND

 set_property CONFIG_VOLTAGE value2 [current_design]
 #where value2 is the voltage provided to configuration bank 0

Refer to the device configuration user guide for more information.
Related violations: <none>

PDRC-153#1 Warning
Gated clock check  
Net chip_inst/lemon_vga_top/u_vga_sync/counter_mod_p_tick/regN_reg[0]_1[0] is a gated clock net sourced by a combinational pin chip_inst/lemon_vga_top/u_vga_sync/counter_mod_p_tick/pixel_x_count[9]_i_1/O, cell chip_inst/lemon_vga_top/u_vga_sync/counter_mod_p_tick/pixel_x_count[9]_i_1. This is not good design practice and will likely impact performance. For SLICE registers, for example, use the CE pin to control the loading of data.
Related violations: <none>

PLHOLDVIO-2#1 Warning
Non-Optimal connections which could lead to hold violations  
A LUT chip_inst/lemon_vga_top/u_vga_sync/counter_mod_p_tick/pixel_x_count[9]_i_1 is driving clock pin of 9 cells. This could lead to large hold time violations. Involved cells are:
chip_inst/lemon_vga_top/u_rgb_out/vga_r_reg[2],
chip_inst/lemon_vga_top/u_rgb_out/vga_r_reg[2]_lopt_replica,
chip_inst/lemon_vga_top/u_rgb_out/vga_r_reg[2]_lopt_replica_2,
chip_inst/lemon_vga_top/u_rgb_out/vga_r_reg[2]_lopt_replica_3,
chip_inst/lemon_vga_top/u_rgb_out/vga_r_reg[2]_lopt_replica_4,
chip_inst/lemon_vga_top/u_rgb_out/vga_r_reg[2]_lopt_replica_5,
chip_inst/lemon_vga_top/u_rgb_out/vga_r_reg[2]_lopt_replica_6,
chip_inst/lemon_vga_top/u_rgb_out/vga_r_reg[2]_lopt_replica_7,
chip_inst/lemon_vga_top/u_rgb_out/vga_r_reg[2]_lopt_replica_8
Related violations: <none>


